2022-11-20 00:23:04 [main] INFO  c.s.m.t.TwitterToKafkaServiceApplication - Starting TwitterToKafkaServiceApplication using Java 17.0.1 on SAM-ACER with PID 11480 (E:\Java-Projects\galenler\microservices-demo\twitter-to-kafka-service\target\classes started by SAM in E:\Java-Projects\galenler\microservices-demo)
2022-11-20 00:23:04 [main] INFO  c.s.m.t.TwitterToKafkaServiceApplication - No active profile set, falling back to 1 default profile: "default"
2022-11-20 00:23:06 [main] INFO  c.s.m.t.TwitterToKafkaServiceApplication - Started TwitterToKafkaServiceApplication in 3.576 seconds (JVM running for 5.903)
2022-11-20 00:23:06 [main] INFO  c.s.m.t.TwitterToKafkaServiceApplication - App starts...
2022-11-20 00:23:06 [main] INFO  o.s.b.a.l.ConditionEvaluationReportLoggingListener - 

Error starting ApplicationContext. To display the conditions report re-run your application with 'debug' enabled.
2022-11-20 00:23:06 [main] ERROR o.s.boot.SpringApplication - Application run failed
java.lang.IllegalStateException: Failed to execute CommandLineRunner
	at org.springframework.boot.SpringApplication.callRunner(SpringApplication.java:774)
	at org.springframework.boot.SpringApplication.callRunners(SpringApplication.java:755)
	at org.springframework.boot.SpringApplication.run(SpringApplication.java:315)
	at org.springframework.boot.SpringApplication.run(SpringApplication.java:1306)
	at org.springframework.boot.SpringApplication.run(SpringApplication.java:1295)
	at com.ssamsara98.microservices_demo.twitter_to_kafka_service.TwitterToKafkaServiceApplication.main(TwitterToKafkaServiceApplication.java:24)
Caused by: java.lang.NullPointerException: Cannot invoke "java.util.List.toArray(Object[])" because the return value of "com.ssamsara98.microservices_demo.twitter_to_kafka_service.config.TwitterToKafkaServiceConfigData.getTwitterKeywords()" is null
	at com.ssamsara98.microservices_demo.twitter_to_kafka_service.TwitterToKafkaServiceApplication.run(TwitterToKafkaServiceApplication.java:30)
	at org.springframework.boot.SpringApplication.callRunner(SpringApplication.java:771)
	... 5 common frames omitted
2022-11-20 00:26:59 [main] INFO  c.s.m.t.TwitterToKafkaServiceApplication - Starting TwitterToKafkaServiceApplication using Java 17.0.1 on SAM-ACER with PID 26568 (E:\Java-Projects\galenler\microservices-demo\twitter-to-kafka-service\target\classes started by SAM in E:\Java-Projects\galenler\microservices-demo)
2022-11-20 00:26:59 [main] INFO  c.s.m.t.TwitterToKafkaServiceApplication - No active profile set, falling back to 1 default profile: "default"
2022-11-20 00:27:01 [main] INFO  c.s.m.t.TwitterToKafkaServiceApplication - Started TwitterToKafkaServiceApplication in 2.995 seconds (JVM running for 5.131)
2022-11-20 00:27:01 [main] INFO  c.s.m.t.TwitterToKafkaServiceApplication - App starts...
2022-11-20 00:27:01 [main] INFO  c.s.m.t.TwitterToKafkaServiceApplication - [Java, Microservices, Spring, Kafka, Elasticsearch]
2022-11-20 00:28:53 [main] INFO  c.s.m.t.TwitterToKafkaServiceApplication - Starting TwitterToKafkaServiceApplication using Java 17.0.1 on SAM-ACER with PID 16360 (E:\Java-Projects\galenler\microservices-demo\twitter-to-kafka-service\target\classes started by SAM in E:\Java-Projects\galenler\microservices-demo)
2022-11-20 00:28:53 [main] INFO  c.s.m.t.TwitterToKafkaServiceApplication - No active profile set, falling back to 1 default profile: "default"
2022-11-20 00:28:55 [main] INFO  c.s.m.t.TwitterToKafkaServiceApplication - Started TwitterToKafkaServiceApplication in 4.557 seconds (JVM running for 7.062)
2022-11-20 00:28:55 [main] INFO  c.s.m.t.TwitterToKafkaServiceApplication - App starts...
2022-11-20 00:28:55 [main] INFO  c.s.m.t.TwitterToKafkaServiceApplication - [Java, Microservices, Spring, Kafka, Elasticsearch]
2022-11-20 00:28:55 [main] INFO  c.s.m.t.TwitterToKafkaServiceApplication - null
2022-11-20 00:32:25 [main] INFO  c.s.m.t.TwitterToKafkaServiceApplication - Starting TwitterToKafkaServiceApplication using Java 17.0.1 on SAM-ACER with PID 26124 (E:\Java-Projects\galenler\microservices-demo\twitter-to-kafka-service\target\classes started by SAM in E:\Java-Projects\galenler\microservices-demo)
2022-11-20 00:32:25 [main] INFO  c.s.m.t.TwitterToKafkaServiceApplication - No active profile set, falling back to 1 default profile: "default"
2022-11-20 00:32:27 [main] INFO  c.s.m.t.TwitterToKafkaServiceApplication - Started TwitterToKafkaServiceApplication in 3.444 seconds (JVM running for 5.126)
2022-11-20 00:32:27 [main] INFO  c.s.m.t.TwitterToKafkaServiceApplication - App starts...
2022-11-20 00:32:27 [main] INFO  c.s.m.t.TwitterToKafkaServiceApplication - [Java, Microservices, Spring, Kafka, Elasticsearch]
2022-11-20 00:32:27 [main] INFO  c.s.m.t.TwitterToKafkaServiceApplication - Hello Microservices
2022-11-20 00:57:23 [main] INFO  c.s.m.t.TwitterToKafkaServiceApplication - Starting TwitterToKafkaServiceApplication using Java 17.0.1 on SAM-ACER with PID 26708 (E:\Java-Projects\galenler\microservices-demo\twitter-to-kafka-service\target\classes started by SAM in E:\Java-Projects\galenler\microservices-demo)
2022-11-20 00:57:23 [main] INFO  c.s.m.t.TwitterToKafkaServiceApplication - No active profile set, falling back to 1 default profile: "default"
2022-11-20 00:57:24 [main] WARN  o.s.c.a.AnnotationConfigApplicationContext - Exception encountered during context initialization - cancelling refresh attempt: org.springframework.beans.factory.UnsatisfiedDependencyException: Error creating bean with name 'twitterToKafkaServiceApplication': Unsatisfied dependency expressed through constructor parameter 1; nested exception is org.springframework.beans.factory.NoSuchBeanDefinitionException: No qualifying bean of type 'com.ssamsara98.microservices_demo.twitter_to_kafka_service.runner.StreamRunner' available: expected at least 1 bean which qualifies as autowire candidate. Dependency annotations: {}
2022-11-20 00:57:24 [main] INFO  o.s.b.a.l.ConditionEvaluationReportLoggingListener - 

Error starting ApplicationContext. To display the conditions report re-run your application with 'debug' enabled.
2022-11-20 00:57:24 [main] ERROR o.s.b.d.LoggingFailureAnalysisReporter - 

***************************
APPLICATION FAILED TO START
***************************

Description:

Parameter 1 of constructor in com.ssamsara98.microservices_demo.twitter_to_kafka_service.TwitterToKafkaServiceApplication required a bean of type 'com.ssamsara98.microservices_demo.twitter_to_kafka_service.runner.StreamRunner' that could not be found.


Action:

Consider defining a bean of type 'com.ssamsara98.microservices_demo.twitter_to_kafka_service.runner.StreamRunner' in your configuration.

2022-11-20 00:58:10 [main] INFO  c.s.m.t.TwitterToKafkaServiceApplication - Starting TwitterToKafkaServiceApplication using Java 17.0.1 on SAM-ACER with PID 25372 (E:\Java-Projects\galenler\microservices-demo\twitter-to-kafka-service\target\classes started by SAM in E:\Java-Projects\galenler\microservices-demo)
2022-11-20 00:58:10 [main] INFO  c.s.m.t.TwitterToKafkaServiceApplication - No active profile set, falling back to 1 default profile: "default"
2022-11-20 00:58:12 [main] INFO  c.s.m.t.TwitterToKafkaServiceApplication - Started TwitterToKafkaServiceApplication in 4.115 seconds (JVM running for 6.682)
2022-11-20 00:58:12 [main] INFO  c.s.m.t.TwitterToKafkaServiceApplication - App starts...
2022-11-20 00:58:12 [main] INFO  c.s.m.t.TwitterToKafkaServiceApplication - [Java, Microservices, Spring, Kafka, Elasticsearch]
2022-11-20 00:58:12 [main] INFO  c.s.m.t.TwitterToKafkaServiceApplication - Hello Microservices
2022-11-20 00:58:12 [Twitter Stream consumer /  [1][initializing]] INFO  twitter4j.TwitterStreamImpl - Establishing connection.
2022-11-20 00:58:12 [main] INFO  c.s.m.t.r.i.TwitterKafkaStreamRunner - Started filtering twitter stream for keywords [Java, Microservices, Spring, Kafka, Elasticsearch]
2022-11-20 00:58:15 [Twitter Stream consumer /  [1][Establishing connection]] INFO  twitter4j.TwitterStreamImpl - 401:Authentication credentials (https://dev.twitter.com/pages/auth) were missing or incorrect. Ensure that you have set valid consumer key/secret, access token/secret, and the system clock is in sync.
<html>\n<head>\n<meta http-equiv="Content-Type" content="text/html; charset=utf-8"/>\n<title>Error 401 Unauthorized</title>
</head>
<body>
<h2>HTTP ERROR: 401</h2>
<p>Problem accessing '/1.1/statuses/filter.json'. Reason:
<pre>    Unauthorized</pre>
</body>
</html>

2022-11-20 00:58:15 [Twitter Stream consumer /  [1][Establishing connection]] INFO  twitter4j.TwitterStreamImpl - Waiting for 10000 milliseconds
2022-11-20 00:58:25 [Twitter Stream consumer /  [1][Waiting for 10000 milliseconds]] INFO  twitter4j.TwitterStreamImpl - Establishing connection.
2022-11-20 00:58:26 [Twitter Stream consumer /  [1][Establishing connection]] INFO  twitter4j.TwitterStreamImpl - 401:Authentication credentials (https://dev.twitter.com/pages/auth) were missing or incorrect. Ensure that you have set valid consumer key/secret, access token/secret, and the system clock is in sync.
<html>\n<head>\n<meta http-equiv="Content-Type" content="text/html; charset=utf-8"/>\n<title>Error 401 Unauthorized</title>
</head>
<body>
<h2>HTTP ERROR: 401</h2>
<p>Problem accessing '/1.1/statuses/filter.json'. Reason:
<pre>    Unauthorized</pre>
</body>
</html>

2022-11-20 00:58:26 [Twitter Stream consumer /  [1][Establishing connection]] INFO  twitter4j.TwitterStreamImpl - Waiting for 20000 milliseconds
2022-11-20 00:58:46 [Twitter Stream consumer /  [1][Waiting for 20000 milliseconds]] INFO  twitter4j.TwitterStreamImpl - Establishing connection.
2022-11-20 00:58:46 [Twitter Stream consumer /  [1][Establishing connection]] INFO  twitter4j.TwitterStreamImpl - 401:Authentication credentials (https://dev.twitter.com/pages/auth) were missing or incorrect. Ensure that you have set valid consumer key/secret, access token/secret, and the system clock is in sync.
<html>\n<head>\n<meta http-equiv="Content-Type" content="text/html; charset=utf-8"/>\n<title>Error 401 Unauthorized</title>
</head>
<body>
<h2>HTTP ERROR: 401</h2>
<p>Problem accessing '/1.1/statuses/filter.json'. Reason:
<pre>    Unauthorized</pre>
</body>
</html>

2022-11-20 00:58:46 [Twitter Stream consumer /  [1][Establishing connection]] INFO  twitter4j.TwitterStreamImpl - Waiting for 40000 milliseconds
2022-11-20 00:59:26 [Twitter Stream consumer /  [1][Waiting for 40000 milliseconds]] INFO  twitter4j.TwitterStreamImpl - Establishing connection.
2022-11-20 00:59:26 [Twitter Stream consumer /  [1][Establishing connection]] INFO  twitter4j.TwitterStreamImpl - 401:Authentication credentials (https://dev.twitter.com/pages/auth) were missing or incorrect. Ensure that you have set valid consumer key/secret, access token/secret, and the system clock is in sync.
<html>\n<head>\n<meta http-equiv="Content-Type" content="text/html; charset=utf-8"/>\n<title>Error 401 Unauthorized</title>
</head>
<body>
<h2>HTTP ERROR: 401</h2>
<p>Problem accessing '/1.1/statuses/filter.json'. Reason:
<pre>    Unauthorized</pre>
</body>
</html>

2022-11-20 00:59:26 [Twitter Stream consumer /  [1][Establishing connection]] INFO  twitter4j.TwitterStreamImpl - Waiting for 80000 milliseconds
2022-11-20 01:00:46 [Twitter Stream consumer /  [1][Waiting for 80000 milliseconds]] INFO  twitter4j.TwitterStreamImpl - Establishing connection.
2022-11-20 01:00:47 [Twitter Stream consumer /  [1][Establishing connection]] INFO  twitter4j.TwitterStreamImpl - 401:Authentication credentials (https://dev.twitter.com/pages/auth) were missing or incorrect. Ensure that you have set valid consumer key/secret, access token/secret, and the system clock is in sync.
<html>\n<head>\n<meta http-equiv="Content-Type" content="text/html; charset=utf-8"/>\n<title>Error 401 Unauthorized</title>
</head>
<body>
<h2>HTTP ERROR: 401</h2>
<p>Problem accessing '/1.1/statuses/filter.json'. Reason:
<pre>    Unauthorized</pre>
</body>
</html>

2022-11-20 01:00:47 [Twitter Stream consumer /  [1][Establishing connection]] INFO  twitter4j.TwitterStreamImpl - Waiting for 160000 milliseconds
2022-11-20 01:01:23 [SpringApplicationShutdownHook] INFO  c.s.m.t.r.i.TwitterKafkaStreamRunner - Closing twitter stream!
2022-11-20 01:01:40 [main] INFO  c.s.m.t.TwitterToKafkaServiceApplication - Starting TwitterToKafkaServiceApplication using Java 17.0.1 on SAM-ACER with PID 23424 (E:\Java-Projects\galenler\microservices-demo\twitter-to-kafka-service\target\classes started by SAM in E:\Java-Projects\galenler\microservices-demo)
2022-11-20 01:01:40 [main] INFO  c.s.m.t.TwitterToKafkaServiceApplication - No active profile set, falling back to 1 default profile: "default"
2022-11-20 01:01:43 [main] INFO  c.s.m.t.TwitterToKafkaServiceApplication - Started TwitterToKafkaServiceApplication in 6.245 seconds (JVM running for 11.341)
2022-11-20 01:01:43 [main] INFO  c.s.m.t.TwitterToKafkaServiceApplication - App starts...
2022-11-20 01:01:43 [main] INFO  c.s.m.t.TwitterToKafkaServiceApplication - [Java, Microservices, Spring, Kafka, Elasticsearch]
2022-11-20 01:01:43 [main] INFO  c.s.m.t.TwitterToKafkaServiceApplication - Hello Microservices
2022-11-20 01:01:43 [Twitter Stream consumer /  [1][initializing]] INFO  twitter4j.TwitterStreamImpl - Establishing connection.
2022-11-20 01:01:43 [main] INFO  c.s.m.t.r.i.TwitterKafkaStreamRunner - Started filtering twitter stream for keywords [Java, Microservices, Spring, Kafka, Elasticsearch]
2022-11-20 01:01:46 [Twitter Stream consumer /  [1][Establishing connection]] INFO  twitter4j.TwitterStreamImpl - 401:Authentication credentials (https://dev.twitter.com/pages/auth) were missing or incorrect. Ensure that you have set valid consumer key/secret, access token/secret, and the system clock is in sync.
<html>\n<head>\n<meta http-equiv="Content-Type" content="text/html; charset=utf-8"/>\n<title>Error 401 Unauthorized</title>
</head>
<body>
<h2>HTTP ERROR: 401</h2>
<p>Problem accessing '/1.1/statuses/filter.json'. Reason:
<pre>    Unauthorized</pre>
</body>
</html>

2022-11-20 01:01:46 [Twitter Stream consumer /  [1][Establishing connection]] INFO  twitter4j.TwitterStreamImpl - Waiting for 10000 milliseconds
2022-11-20 01:01:56 [Twitter Stream consumer /  [1][Waiting for 10000 milliseconds]] INFO  twitter4j.TwitterStreamImpl - Establishing connection.
2022-11-20 01:01:56 [Twitter Stream consumer /  [1][Establishing connection]] INFO  twitter4j.TwitterStreamImpl - 401:Authentication credentials (https://dev.twitter.com/pages/auth) were missing or incorrect. Ensure that you have set valid consumer key/secret, access token/secret, and the system clock is in sync.
<html>\n<head>\n<meta http-equiv="Content-Type" content="text/html; charset=utf-8"/>\n<title>Error 401 Unauthorized</title>
</head>
<body>
<h2>HTTP ERROR: 401</h2>
<p>Problem accessing '/1.1/statuses/filter.json'. Reason:
<pre>    Unauthorized</pre>
</body>
</html>

2022-11-20 01:01:56 [Twitter Stream consumer /  [1][Establishing connection]] INFO  twitter4j.TwitterStreamImpl - Waiting for 20000 milliseconds
2022-11-20 01:02:16 [Twitter Stream consumer /  [1][Waiting for 20000 milliseconds]] INFO  twitter4j.TwitterStreamImpl - Establishing connection.
2022-11-20 01:02:16 [Twitter Stream consumer /  [1][Establishing connection]] INFO  twitter4j.TwitterStreamImpl - 401:Authentication credentials (https://dev.twitter.com/pages/auth) were missing or incorrect. Ensure that you have set valid consumer key/secret, access token/secret, and the system clock is in sync.
<html>\n<head>\n<meta http-equiv="Content-Type" content="text/html; charset=utf-8"/>\n<title>Error 401 Unauthorized</title>
</head>
<body>
<h2>HTTP ERROR: 401</h2>
<p>Problem accessing '/1.1/statuses/filter.json'. Reason:
<pre>    Unauthorized</pre>
</body>
</html>

2022-11-20 01:02:16 [Twitter Stream consumer /  [1][Establishing connection]] INFO  twitter4j.TwitterStreamImpl - Waiting for 40000 milliseconds
2022-11-20 01:02:56 [Twitter Stream consumer /  [1][Waiting for 40000 milliseconds]] INFO  twitter4j.TwitterStreamImpl - Establishing connection.
2022-11-20 01:02:57 [Twitter Stream consumer /  [1][Establishing connection]] INFO  twitter4j.TwitterStreamImpl - 401:Authentication credentials (https://dev.twitter.com/pages/auth) were missing or incorrect. Ensure that you have set valid consumer key/secret, access token/secret, and the system clock is in sync.
<html>\n<head>\n<meta http-equiv="Content-Type" content="text/html; charset=utf-8"/>\n<title>Error 401 Unauthorized</title>
</head>
<body>
<h2>HTTP ERROR: 401</h2>
<p>Problem accessing '/1.1/statuses/filter.json'. Reason:
<pre>    Unauthorized</pre>
</body>
</html>

2022-11-20 01:02:57 [Twitter Stream consumer /  [1][Establishing connection]] INFO  twitter4j.TwitterStreamImpl - Waiting for 80000 milliseconds
2022-11-20 01:04:17 [Twitter Stream consumer /  [1][Waiting for 80000 milliseconds]] INFO  twitter4j.TwitterStreamImpl - Establishing connection.
2022-11-20 01:04:18 [Twitter Stream consumer /  [1][Establishing connection]] INFO  twitter4j.TwitterStreamImpl - 401:Authentication credentials (https://dev.twitter.com/pages/auth) were missing or incorrect. Ensure that you have set valid consumer key/secret, access token/secret, and the system clock is in sync.
<html>\n<head>\n<meta http-equiv="Content-Type" content="text/html; charset=utf-8"/>\n<title>Error 401 Unauthorized</title>
</head>
<body>
<h2>HTTP ERROR: 401</h2>
<p>Problem accessing '/1.1/statuses/filter.json'. Reason:
<pre>    Unauthorized</pre>
</body>
</html>

2022-11-20 01:04:18 [Twitter Stream consumer /  [1][Establishing connection]] INFO  twitter4j.TwitterStreamImpl - Waiting for 160000 milliseconds
2022-11-20 01:05:32 [SpringApplicationShutdownHook] INFO  c.s.m.t.r.i.TwitterKafkaStreamRunner - Closing twitter stream!
2022-11-20 04:46:00 [main] INFO  c.s.m.t.TwitterToKafkaServiceApplication - Starting TwitterToKafkaServiceApplication using Java 17.0.1 on SAM-ACER with PID 17828 (E:\Java-Projects\galenler\microservices-demo\twitter-to-kafka-service\target\classes started by SAM in E:\Java-Projects\galenler\microservices-demo)
2022-11-20 04:46:00 [main] INFO  c.s.m.t.TwitterToKafkaServiceApplication - No active profile set, falling back to 1 default profile: "default"
2022-11-20 04:46:01 [main] INFO  c.s.m.t.TwitterToKafkaServiceApplication - Started TwitterToKafkaServiceApplication in 2.81 seconds (JVM running for 4.659)
2022-11-20 04:46:01 [main] INFO  c.s.m.t.TwitterToKafkaServiceApplication - App starts...
2022-11-20 04:46:01 [main] INFO  c.s.m.t.TwitterToKafkaServiceApplication - [Java, Microservices, Spring, Kafka, Elasticsearch]
2022-11-20 04:46:01 [main] INFO  c.s.m.t.TwitterToKafkaServiceApplication - Hello Microservices
2022-11-20 04:46:03 [Twitter Stream consumer /  [1][initializing]] INFO  twitter4j.TwitterStreamImpl - Establishing connection.
2022-11-20 04:46:03 [main] INFO  c.s.m.t.r.i.TwitterKafkaStreamRunner - Started filtering twitter stream for keywords [Java, Microservices, Spring, Kafka, Elasticsearch]
2022-11-20 04:46:09 [Twitter Stream consumer /  [1][Establishing connection]] INFO  twitter4j.TwitterStreamImpl - 403:The request is understood, but it has been refused. An accompanying error message will explain why. This code is used when requests are being denied due to update limits (https://support.twitter.com/articles/15364-about-twitter-limits-update-api-dm-and-following).
message - You currently have Essential access which includes access to Twitter API v2 endpoints only. If you need access to this endpoint, you’ll need to apply for Elevated access via the Developer Portal. You can learn more here: https://developer.twitter.com/en/docs/twitter-api/getting-started/about-twitter-api#v2-access-leve
code - 453

2022-11-20 04:46:09 [Twitter Stream consumer /  [1][Establishing connection]] WARN  twitter4j.TwitterStreamImpl - This account is not in required role. 403:The request is understood, but it has been refused. An accompanying error message will explain why. This code is used when requests are being denied due to update limits (https://support.twitter.com/articles/15364-about-twitter-limits-update-api-dm-and-following).
message - You currently have Essential access which includes access to Twitter API v2 endpoints only. If you need access to this endpoint, you’ll need to apply for Elevated access via the Developer Portal. You can learn more here: https://developer.twitter.com/en/docs/twitter-api/getting-started/about-twitter-api#v2-access-leve
code - 453

2022-11-20 04:46:09 [SpringApplicationShutdownHook] INFO  c.s.m.t.r.i.TwitterKafkaStreamRunner - Closing twitter stream!
2022-11-20 05:25:39 [main] INFO  c.s.m.t.TwitterToKafkaServiceApplication - Starting TwitterToKafkaServiceApplication using Java 17.0.1 on SAM-ACER with PID 1320 (E:\Java-Projects\galenler\microservices-demo\twitter-to-kafka-service\target\classes started by SAM in E:\Java-Projects\galenler\microservices-demo)
2022-11-20 05:25:39 [main] INFO  c.s.m.t.TwitterToKafkaServiceApplication - No active profile set, falling back to 1 default profile: "default"
2022-11-20 05:25:40 [main] INFO  c.s.m.t.TwitterToKafkaServiceApplication - Started TwitterToKafkaServiceApplication in 6.512 seconds (JVM running for 8.485)
2022-11-20 05:25:40 [main] INFO  c.s.m.t.TwitterToKafkaServiceApplication - App starts...
2022-11-20 05:25:40 [main] INFO  c.s.m.t.TwitterToKafkaServiceApplication - [Java, Microservices, Spring, Kafka, Elasticsearch]
2022-11-20 05:25:40 [main] INFO  c.s.m.t.TwitterToKafkaServiceApplication - Hello Microservices
2022-11-20 05:25:41 [Twitter Stream consumer /  [1][initializing]] INFO  twitter4j.TwitterStreamImpl - Establishing connection.
2022-11-20 05:25:41 [main] INFO  c.s.m.t.r.i.TwitterKafkaStreamRunner - Started filtering twitter stream for keywords [Java, Microservices, Spring, Kafka, Elasticsearch]
2022-11-20 05:25:42 [Twitter Stream consumer /  [1][Establishing connection]] INFO  twitter4j.TwitterStreamImpl - 403:The request is understood, but it has been refused. An accompanying error message will explain why. This code is used when requests are being denied due to update limits (https://support.twitter.com/articles/15364-about-twitter-limits-update-api-dm-and-following).
<html>\n<head>\n<meta http-equiv="Content-Type" content="text/html; charset=utf-8"/>\n<title>Error 403 
Please use V2 filtered and sample volume stream as alternatives
</title>
</head>
<body>
<h2>HTTP ERROR: 403</h2>
<p>Problem accessing '/1.1/statuses/filter.json'. Reason:
<pre>    
Please use V2 filtered and sample volume stream as alternatives
</pre>
</body>
</html>

2022-11-20 05:25:42 [Twitter Stream consumer /  [1][Establishing connection]] WARN  twitter4j.TwitterStreamImpl - This account is not in required role. 403:The request is understood, but it has been refused. An accompanying error message will explain why. This code is used when requests are being denied due to update limits (https://support.twitter.com/articles/15364-about-twitter-limits-update-api-dm-and-following).
<html>\n<head>\n<meta http-equiv="Content-Type" content="text/html; charset=utf-8"/>\n<title>Error 403 
Please use V2 filtered and sample volume stream as alternatives
</title>
</head>
<body>
<h2>HTTP ERROR: 403</h2>
<p>Problem accessing '/1.1/statuses/filter.json'. Reason:
<pre>    
Please use V2 filtered and sample volume stream as alternatives
</pre>
</body>
</html>

2022-11-20 05:25:42 [SpringApplicationShutdownHook] INFO  c.s.m.t.r.i.TwitterKafkaStreamRunner - Closing twitter stream!
2022-11-20 05:27:25 [main] INFO  c.s.m.t.TwitterToKafkaServiceApplication - Starting TwitterToKafkaServiceApplication using Java 17.0.1 on SAM-ACER with PID 27392 (E:\Java-Projects\galenler\microservices-demo\twitter-to-kafka-service\target\classes started by SAM in E:\Java-Projects\galenler\microservices-demo)
2022-11-20 05:27:25 [main] INFO  c.s.m.t.TwitterToKafkaServiceApplication - No active profile set, falling back to 1 default profile: "default"
2022-11-20 05:27:27 [main] INFO  c.s.m.t.TwitterToKafkaServiceApplication - Started TwitterToKafkaServiceApplication in 3.257 seconds (JVM running for 5.23)
2022-11-20 05:27:27 [main] INFO  c.s.m.t.TwitterToKafkaServiceApplication - App starts...
2022-11-20 05:27:27 [main] INFO  c.s.m.t.TwitterToKafkaServiceApplication - [Java, Microservices, Spring, Kafka, Elasticsearch]
2022-11-20 05:27:27 [main] INFO  c.s.m.t.TwitterToKafkaServiceApplication - Hello Microservices
2022-11-20 05:27:27 [Twitter Stream consumer /  [1][initializing]] INFO  twitter4j.TwitterStreamImpl - Establishing connection.
2022-11-20 05:27:27 [main] INFO  c.s.m.t.r.i.TwitterKafkaStreamRunner - Started filtering twitter stream for keywords [Java, Microservices, Spring, Kafka, Elasticsearch]
2022-11-20 05:27:29 [Twitter Stream consumer /  [1][Establishing connection]] INFO  twitter4j.TwitterStreamImpl - 403:The request is understood, but it has been refused. An accompanying error message will explain why. This code is used when requests are being denied due to update limits (https://support.twitter.com/articles/15364-about-twitter-limits-update-api-dm-and-following).
<html>\n<head>\n<meta http-equiv="Content-Type" content="text/html; charset=utf-8"/>\n<title>Error 403 
Please use V2 filtered and sample volume stream as alternatives
</title>
</head>
<body>
<h2>HTTP ERROR: 403</h2>
<p>Problem accessing '/1.1/statuses/filter.json'. Reason:
<pre>    
Please use V2 filtered and sample volume stream as alternatives
</pre>
</body>
</html>

2022-11-20 05:27:29 [Twitter Stream consumer /  [1][Establishing connection]] WARN  twitter4j.TwitterStreamImpl - This account is not in required role. 403:The request is understood, but it has been refused. An accompanying error message will explain why. This code is used when requests are being denied due to update limits (https://support.twitter.com/articles/15364-about-twitter-limits-update-api-dm-and-following).
<html>\n<head>\n<meta http-equiv="Content-Type" content="text/html; charset=utf-8"/>\n<title>Error 403 
Please use V2 filtered and sample volume stream as alternatives
</title>
</head>
<body>
<h2>HTTP ERROR: 403</h2>
<p>Problem accessing '/1.1/statuses/filter.json'. Reason:
<pre>    
Please use V2 filtered and sample volume stream as alternatives
</pre>
</body>
</html>

2022-11-20 05:27:29 [SpringApplicationShutdownHook] INFO  c.s.m.t.r.i.TwitterKafkaStreamRunner - Closing twitter stream!
2022-11-20 05:37:08 [main] INFO  c.s.m.t.TwitterToKafkaServiceApplication - Starting TwitterToKafkaServiceApplication using Java 17.0.1 on SAM-ACER with PID 1412 (E:\Java-Projects\galenler\microservices-demo\twitter-to-kafka-service\target\classes started by SAM in E:\Java-Projects\galenler\microservices-demo)
2022-11-20 05:37:08 [main] INFO  c.s.m.t.TwitterToKafkaServiceApplication - No active profile set, falling back to 1 default profile: "default"
2022-11-20 05:37:10 [main] INFO  c.s.m.t.TwitterToKafkaServiceApplication - Started TwitterToKafkaServiceApplication in 3.206 seconds (JVM running for 4.634)
2022-11-20 05:37:10 [main] INFO  c.s.m.t.TwitterToKafkaServiceApplication - App starts...
2022-11-20 05:37:10 [main] INFO  c.s.m.t.TwitterToKafkaServiceApplication - [Java, Microservices, Spring, Kafka, Elasticsearch]
2022-11-20 05:37:10 [main] INFO  c.s.m.t.TwitterToKafkaServiceApplication - Hello Microservices
2022-11-20 05:37:10 [Twitter Stream consumer /  [1][initializing]] INFO  twitter4j.TwitterStreamImpl - Establishing connection.
2022-11-20 05:37:10 [main] INFO  c.s.m.t.r.i.TwitterKafkaStreamRunner - Started filtering twitter stream for keywords [Java, Microservices, Spring, Kafka, Elasticsearch]
2022-11-20 05:37:11 [Twitter Stream consumer /  [1][Establishing connection]] INFO  twitter4j.TwitterStreamImpl - 403:The request is understood, but it has been refused. An accompanying error message will explain why. This code is used when requests are being denied due to update limits (https://support.twitter.com/articles/15364-about-twitter-limits-update-api-dm-and-following).
<html>\n<head>\n<meta http-equiv="Content-Type" content="text/html; charset=utf-8"/>\n<title>Error 403 
Please use V2 filtered and sample volume stream as alternatives
</title>
</head>
<body>
<h2>HTTP ERROR: 403</h2>
<p>Problem accessing '/1.1/statuses/filter.json'. Reason:
<pre>    
Please use V2 filtered and sample volume stream as alternatives
</pre>
</body>
</html>

2022-11-20 05:37:11 [Twitter Stream consumer /  [1][Establishing connection]] WARN  twitter4j.TwitterStreamImpl - This account is not in required role. 403:The request is understood, but it has been refused. An accompanying error message will explain why. This code is used when requests are being denied due to update limits (https://support.twitter.com/articles/15364-about-twitter-limits-update-api-dm-and-following).
<html>\n<head>\n<meta http-equiv="Content-Type" content="text/html; charset=utf-8"/>\n<title>Error 403 
Please use V2 filtered and sample volume stream as alternatives
</title>
</head>
<body>
<h2>HTTP ERROR: 403</h2>
<p>Problem accessing '/1.1/statuses/filter.json'. Reason:
<pre>    
Please use V2 filtered and sample volume stream as alternatives
</pre>
</body>
</html>

2022-11-20 05:37:11 [SpringApplicationShutdownHook] INFO  c.s.m.t.r.i.TwitterKafkaStreamRunner - Closing twitter stream!
2022-11-20 13:58:01 [main] INFO  c.s.m.t.TwitterToKafkaServiceApplication - Starting TwitterToKafkaServiceApplication using Java 17.0.1 on SAM-ACER with PID 25924 (E:\Java-Projects\galenler\microservices-demo\twitter-to-kafka-service\target\classes started by SAM in E:\Java-Projects\galenler\microservices-demo)
2022-11-20 13:58:01 [main] INFO  c.s.m.t.TwitterToKafkaServiceApplication - No active profile set, falling back to 1 default profile: "default"
2022-11-20 13:58:03 [main] INFO  c.s.m.t.TwitterToKafkaServiceApplication - Started TwitterToKafkaServiceApplication in 3.788 seconds (JVM running for 6.019)
2022-11-20 13:58:03 [main] INFO  c.s.m.t.TwitterToKafkaServiceApplication - App starts...
2022-11-20 13:58:03 [main] INFO  c.s.m.t.TwitterToKafkaServiceApplication - [Java, Microservices, Spring, Kafka, Elasticsearch]
2022-11-20 13:58:03 [main] INFO  c.s.m.t.TwitterToKafkaServiceApplication - Hello Microservices
2022-11-20 13:58:03 [main] INFO  c.s.m.t.r.i.TwitterKafkaStreamRunner - Started filtering twitter stream for keywords [Java, Microservices, Spring, Kafka, Elasticsearch]
2022-11-20 13:58:03 [Twitter Stream consumer /  [1][initializing]] INFO  twitter4j.TwitterStreamImpl - Establishing connection.
2022-11-20 13:58:05 [Twitter Stream consumer /  [1][Establishing connection]] INFO  twitter4j.TwitterStreamImpl - 403:The request is understood, but it has been refused. An accompanying error message will explain why. This code is used when requests are being denied due to update limits (https://support.twitter.com/articles/15364-about-twitter-limits-update-api-dm-and-following).
<html>\n<head>\n<meta http-equiv="Content-Type" content="text/html; charset=utf-8"/>\n<title>Error 403 
Please use V2 filtered and sample volume stream as alternatives
</title>
</head>
<body>
<h2>HTTP ERROR: 403</h2>
<p>Problem accessing '/1.1/statuses/filter.json'. Reason:
<pre>    
Please use V2 filtered and sample volume stream as alternatives
</pre>
</body>
</html>

2022-11-20 13:58:05 [Twitter Stream consumer /  [1][Establishing connection]] WARN  twitter4j.TwitterStreamImpl - This account is not in required role. 403:The request is understood, but it has been refused. An accompanying error message will explain why. This code is used when requests are being denied due to update limits (https://support.twitter.com/articles/15364-about-twitter-limits-update-api-dm-and-following).
<html>\n<head>\n<meta http-equiv="Content-Type" content="text/html; charset=utf-8"/>\n<title>Error 403 
Please use V2 filtered and sample volume stream as alternatives
</title>
</head>
<body>
<h2>HTTP ERROR: 403</h2>
<p>Problem accessing '/1.1/statuses/filter.json'. Reason:
<pre>    
Please use V2 filtered and sample volume stream as alternatives
</pre>
</body>
</html>

2022-11-20 13:58:05 [SpringApplicationShutdownHook] INFO  c.s.m.t.r.i.TwitterKafkaStreamRunner - Closing twitter stream!
2022-11-20 14:36:22 [main] INFO  c.s.m.t.TwitterToKafkaServiceApplication - Starting TwitterToKafkaServiceApplication using Java 17.0.1 on SAM-ACER with PID 32748 (E:\Java-Projects\galenler\microservices-demo\twitter-to-kafka-service\target\classes started by SAM in E:\Java-Projects\galenler\microservices-demo)
2022-11-20 14:36:22 [main] INFO  c.s.m.t.TwitterToKafkaServiceApplication - No active profile set, falling back to 1 default profile: "default"
2022-11-20 14:36:25 [main] INFO  c.s.m.t.TwitterToKafkaServiceApplication - Started TwitterToKafkaServiceApplication in 6.43 seconds (JVM running for 9.045)
2022-11-20 14:36:25 [main] INFO  c.s.m.t.TwitterToKafkaServiceApplication - App starts...
2022-11-20 14:36:25 [main] INFO  c.s.m.t.TwitterToKafkaServiceApplication - [Java, Microservices, Kafka, Elasticsearch]
2022-11-20 14:36:25 [main] INFO  c.s.m.t.TwitterToKafkaServiceApplication - Hello microservices!
2022-11-20 14:36:25 [main] INFO  c.s.m.t.r.i.TwitterV2KafkaStreamRunner - Created filter for twitter stream for keywords: [Java, Microservices, Kafka, Elasticsearch]
2022-11-20 14:36:29 [main] INFO  c.s.m.t.r.impl.TwitterV2StreamHelper - Created rules for twitter stream Java
2022-11-20 14:36:29 [main] INFO  o.s.b.a.l.ConditionEvaluationReportLoggingListener - 

Error starting ApplicationContext. To display the conditions report re-run your application with 'debug' enabled.
2022-11-20 14:36:29 [main] ERROR o.s.boot.SpringApplication - Application run failed
java.lang.IllegalStateException: Failed to execute CommandLineRunner
	at org.springframework.boot.SpringApplication.callRunner(SpringApplication.java:774)
	at org.springframework.boot.SpringApplication.callRunners(SpringApplication.java:755)
	at org.springframework.boot.SpringApplication.run(SpringApplication.java:315)
	at org.springframework.boot.SpringApplication.run(SpringApplication.java:1306)
	at org.springframework.boot.SpringApplication.run(SpringApplication.java:1295)
	at com.ssamsara98.microservices_demo.twitter_to_kafka_service.TwitterToKafkaServiceApplication.main(TwitterToKafkaServiceApplication.java:31)
Caused by: java.lang.NullPointerException: Cannot invoke "String.isEmpty()" because "line" is null
	at com.ssamsara98.microservices_demo.twitter_to_kafka_service.runner.impl.TwitterV2StreamHelper.connectStream(TwitterV2StreamHelper.java:87)
	at com.ssamsara98.microservices_demo.twitter_to_kafka_service.runner.impl.TwitterV2KafkaStreamRunner.start(TwitterV2KafkaStreamRunner.java:38)
	at com.ssamsara98.microservices_demo.twitter_to_kafka_service.TwitterToKafkaServiceApplication.run(TwitterToKafkaServiceApplication.java:39)
	at org.springframework.boot.SpringApplication.callRunner(SpringApplication.java:771)
	... 5 common frames omitted
2022-11-20 14:39:16 [main] INFO  c.s.m.t.TwitterToKafkaServiceApplication - Starting TwitterToKafkaServiceApplication using Java 17.0.1 on SAM-ACER with PID 28112 (E:\Java-Projects\galenler\microservices-demo\twitter-to-kafka-service\target\classes started by SAM in E:\Java-Projects\galenler\microservices-demo)
2022-11-20 14:39:16 [main] INFO  c.s.m.t.TwitterToKafkaServiceApplication - No active profile set, falling back to 1 default profile: "default"
2022-11-20 14:39:17 [main] INFO  c.s.m.t.TwitterToKafkaServiceApplication - Started TwitterToKafkaServiceApplication in 3.223 seconds (JVM running for 5.484)
2022-11-20 14:39:17 [main] INFO  c.s.m.t.TwitterToKafkaServiceApplication - App starts...
2022-11-20 14:39:17 [main] INFO  c.s.m.t.TwitterToKafkaServiceApplication - [Java, Microservices, Kafka, Elasticsearch]
2022-11-20 14:39:17 [main] INFO  c.s.m.t.TwitterToKafkaServiceApplication - Hello microservices!
2022-11-20 14:39:17 [main] INFO  c.s.m.t.r.i.TwitterV2KafkaStreamRunner - Created filter for twitter stream for keywords: [Java, Microservices, Kafka, Elasticsearch]
2022-11-20 14:39:23 [main] INFO  c.s.m.t.r.impl.TwitterV2StreamHelper - Created rules for twitter stream Java
2022-11-20 14:40:44 [main] INFO  c.s.m.t.l.TwitterKafkaStatusListener - Twitter status with text RT @AmschelKavka: May you be given a pleasant Sunday, and I some of your thoughts.
/Franz

Franz Kafka, 1912.
2022-11-20 14:40:44 [main] INFO  c.s.m.t.l.TwitterKafkaStatusListener - Twitter status with text @AgarkarYuvraj Oh right. Thanks a lot for adding to it
2022-11-20 14:40:44 [main] INFO  c.s.m.t.l.TwitterKafkaStatusListener - Twitter status with text RT @ghostX1010: Which one u use often #kotlin or #java let me know in the comment👨‍💻

#Python
#BigData #DataScience #AI #MachineLearning #I…
2022-11-20 14:40:44 [main] INFO  c.s.m.t.l.TwitterKafkaStatusListener - Twitter status with text @SuzanneCasament “I need solitude for my writing; not 'like a hermit' - that wouldn't be enough - but like a dead man.” Kafka
2022-11-20 14:40:44 [main] INFO  c.s.m.t.l.TwitterKafkaStatusListener - Twitter status with text と思ったら、弁明？がありました。
https://t.co/BmAECOurFd

> think of it within the code of an individual codebase. It definitely has applicability in backends, but I've only considered it for monoliths not microservices or even serverless functions
2022-11-20 14:40:45 [main] INFO  c.s.m.t.l.TwitterKafkaStatusListener - Twitter status with text ランキング:8位 (楽器、手芸、コレクション)

「ラグナドール」公式ファンブック 書籍単体...(16:40)

https://t.co/9Mdvu2MlkT
2022-11-20 14:40:45 [main] INFO  c.s.m.t.l.TwitterKafkaStatusListener - Twitter status with text @CB11446877 @NoCreative_eth Gm dear
2022-11-20 14:40:45 [main] INFO  c.s.m.t.l.TwitterKafkaStatusListener - Twitter status with text Haii aku open joki tugas:
Paper, Essay/Esai, Laporan: Latbel/Latar Belakang, Tinjauan Pustaka/Kajian Pustaka/Dasar Teori, Java, Review, Artikel ilmiah, Makalah, PPT, Resume, parafrase, dapus, tulis tangan, proposal, jurnal, KTI, metpen, dll dm aja apa tugasnya
Minat langsung dm😉
2022-11-20 14:40:45 [main] INFO  c.s.m.t.l.TwitterKafkaStatusListener - Twitter status with text RT @AmschelKavka: It is late. I want you to know that tonight I wished you a good night.

Yours, Franz

Franz Kafka, 1907.
2022-11-20 14:40:45 [main] INFO  c.s.m.t.l.TwitterKafkaStatusListener - Twitter status with text Old & New
JAVA Monster !! https://t.co/pXTomtd6wR
2022-11-20 14:40:45 [main] INFO  c.s.m.t.l.TwitterKafkaStatusListener - Twitter status with text It seems like one of the other "microservices" that got shut off was the Copyright checker since people are posting entire movies on Twitter now... that'll go down well with advertisers I'm sure.

First one I saw posted was Hackers which seems fitting.
2022-11-20 14:40:45 [main] INFO  c.s.m.t.l.TwitterKafkaStatusListener - Twitter status with text RT @TheSuranaverse: Paid Udemy Courses 100% OFF Coupon 🚀

Master skills like #Java #MongoDB #Express #React #Node #Angular #PowerBI #Machin…
2022-11-20 14:40:45 [main] INFO  c.s.m.t.l.TwitterKafkaStatusListener - Twitter status with text RT @myfear: The Age of Virtual Threads https://t.co/WsH70a5hAp #Java #devoxx #recording
2022-11-20 14:40:45 [main] INFO  c.s.m.t.l.TwitterKafkaStatusListener - Twitter status with text RT @arya_amsha: G20 Bali really gave off the vibe of a bunch of cartel bosses meeting at an offshore private island in Java to discuss expa…
2022-11-20 14:41:28 [main] INFO  c.s.m.t.l.TwitterKafkaStatusListener - Twitter status with text RT @little_energyJP: Old & New
JAVA Monster !! https://t.co/pXTomtd6wR
2022-11-20 14:41:28 [main] INFO  c.s.m.t.l.TwitterKafkaStatusListener - Twitter status with text すごく的を射てると思うんです
今モジュラーモノリスで開発していますが、次を考える時によく検討して動かないと運用で首が回らん…とかなりそうな気もしています https://t.co/Hje3IL4QND
2022-11-20 14:41:28 [main] INFO  c.s.m.t.l.TwitterKafkaStatusListener - Twitter status with text @java_andrea @ScottPresler @RepLizCheney @realDonaldTrump Then do. We really do not care anymore.
2022-11-20 14:41:28 [main] INFO  c.s.m.t.l.TwitterKafkaStatusListener - Twitter status with text RT @AmschelKavka: On Sundays, however, I shall always allow myself the luxury of an enormous letter.

Franz Kafka, 1912.
2022-11-20 14:41:28 [main] INFO  c.s.m.t.l.TwitterKafkaStatusListener - Twitter status with text RT @Othmancs92: The most popular programming languages that will be in demand in 2023:

1. Javascript
2. Python
3. Go
4. Java
5. Kotlin
6.…
2022-11-20 14:41:28 [main] INFO  c.s.m.t.l.TwitterKafkaStatusListener - Twitter status with text @CB11446877 @NoCreative_eth Good Morning C! Have a good day
2022-11-20 14:41:28 [main] INFO  c.s.m.t.l.TwitterKafkaStatusListener - Twitter status with text @KAFKA_Dev Ken jij het verschil tussen geen straf of vrijgesproken? Nee dus, jij hebt een straf die je nog uit moet zitten en Rob Elens is niet vrijgesproken, hij hoeft alleen niet zoals jij naar Spanje te vluchten voor gevangenisstraf. Berisping is geen vrijspraak.
2022-11-20 14:41:28 [main] INFO  c.s.m.t.l.TwitterKafkaStatusListener - Twitter status with text @10x_er @paularambles I expected a meme out of you the other day when all the fuss was literally about microservices.
2022-11-20 14:41:28 [main] INFO  c.s.m.t.l.TwitterKafkaStatusListener - Twitter status with text Gagal Masuk ke Malaysia, Seorang Pria Nekat Menceburkan Diri ke Laut https://t.co/vXFv98inQs
2022-11-20 14:41:28 [main] INFO  c.s.m.t.l.TwitterKafkaStatusListener - Twitter status with text Liburan di Jogja atau Dieng, dengan mobil, driver dan BBM mulai dari 500rb.
Siap keliling wisata piknik di Yogyakarta, Borobudur, Nepal van Java, Dieng dan sekitarnya!
Bisa tambah fotografer untuk dokumentasi tripnya lhoo
WA/Tele 082237470763 atau klik link di profil kami! https://t.co/1BLDQl9MVB
2022-11-20 14:41:28 [main] INFO  c.s.m.t.l.TwitterKafkaStatusListener - Twitter status with text @dietmar_danz Guten Morgen Dietmar.☕️☕️☕️🍀🌻
2022-11-20 14:41:28 [main] INFO  c.s.m.t.l.TwitterKafkaStatusListener - Twitter status with text プログラミングを勉強するなら仮想通貨のアプリなノードが作れる、
BTCならC++、JAVAですが、これは長文すぎるので、他は最新的な
モダン言語なNode.jsやGo言語などでも良いですね。高給言語で🍣
2022-11-20 14:41:28 [main] INFO  c.s.m.t.l.TwitterKafkaStatusListener - Twitter status with text RT @CCSewell: This afternoon: Elon Musk tweets that Twitter will be turning off “bloatware”.

Now: no one with two-factor authentication ba…
2022-11-20 14:41:28 [main] INFO  c.s.m.t.l.TwitterKafkaStatusListener - Twitter status with text RT @Loopinfility: Deep Learning use cases 👨‍💻

#BigData #Analytics #DataScience #AI #MachineLearning #PyTorch #Python #RStats #TensorFlow #…
2022-11-20 14:42:19 [main] INFO  c.s.m.t.l.TwitterKafkaStatusListener - Twitter status with text RT @BBubblesLovers: Bible Birthday Gift — Step One🌻

Charity called Love Distribution with name Bible Wichapas Sumettikul for those affecte…
2022-11-20 14:42:19 [main] INFO  c.s.m.t.l.TwitterKafkaStatusListener - Twitter status with text RT @Hashbitwarriors: #hashbit is just another level blockchain With two chains. A java chain and an evm smart chain.
This is going to be bi…
2022-11-20 14:42:19 [main] INFO  c.s.m.t.l.TwitterKafkaStatusListener - Twitter status with text @dietmar_danz Guten Morgen Dietmar
2022-11-20 14:42:19 [main] INFO  c.s.m.t.l.TwitterKafkaStatusListener - Twitter status with text @dietmar_danz Guten Morgen Dietmar 
Hab einen entspannten Sonntag 🌺☕️☕️☕️☕️😊👋🌼
2022-11-20 14:42:19 [main] INFO  c.s.m.t.l.TwitterKafkaStatusListener - Twitter status with text RT @CB11446877: Good morning🤍✨From a certain point onward there is no longer any turning back. - Franz Kafka https://t.co/KMlfFJyYQQ
2022-11-20 14:42:19 [main] INFO  c.s.m.t.l.TwitterKafkaStatusListener - Twitter status with text RT @CB11446877: Good morning🤍✨From a certain point onward there is no longer any turning back. - Franz Kafka https://t.co/KMlfFJyYQQ
2022-11-20 14:42:19 [main] INFO  c.s.m.t.l.TwitterKafkaStatusListener - Twitter status with text RT @java_ys: 윤섷 https://t.co/kWIx1WDeAA
2022-11-20 14:42:19 [main] INFO  c.s.m.t.l.TwitterKafkaStatusListener - Twitter status with text RT @Loopinfility: Deep Learning use cases 👨‍💻

#BigData #Analytics #DataScience #AI #MachineLearning #PyTorch #Python #RStats #TensorFlow #…
2022-11-20 14:42:19 [main] INFO  c.s.m.t.l.TwitterKafkaStatusListener - Twitter status with text RT @arya_amsha: G20 Bali really gave off the vibe of a bunch of cartel bosses meeting at an offshore private island in Java to discuss expa…
2022-11-20 14:42:19 [main] INFO  c.s.m.t.l.TwitterKafkaStatusListener - Twitter status with text @CB11446877 @NoCreative_eth Breathtaking every time 🥹🥹💜💜
2022-11-20 14:42:19 [main] INFO  c.s.m.t.l.TwitterKafkaStatusListener - Twitter status with text ❗ランキング:37位❗(ナイト＆週末セール)

「圧力IH炊飯器 炎舞炊き 一升炊き ブラック NW-PU18-BZ」
メーカ:象印マホービン

価格:¥62,800✨
🔥売り切れ間近🔥(16:42)

https://t.co/ce4oDbkNJY
2022-11-20 14:42:19 [main] INFO  c.s.m.t.l.TwitterKafkaStatusListener - Twitter status with text ❗ランキング：17位❗(無停電電源装置（UPS）)

「UPS (1200VA/ 950W)  ラインインタラクティブ 正弦波 DL5115-1400JLHFP」
メーカ:富士電機

価格:¥64,710✨
🔥売り切れ間近🔥(16:42)

https://t.co/IboNdLJC9M
2022-11-20 14:42:19 [main] INFO  c.s.m.t.l.TwitterKafkaStatusListener - Twitter status with text [Feature Request] Role Manage https://t.co/ttwAuHiC1w #github #TypeScript #HTML #CSS #JavaScript #Java #FreeMarker
2022-11-20 14:42:19 [main] INFO  c.s.m.t.l.TwitterKafkaStatusListener - Twitter status with text RT @krektwakwou: @KAFKA_Dev @Emanuel56021643 Die zegt alleen maar dat de wereld vergrijst dat is omdat al die ambulances zoveel opgeroepen…
2022-11-20 14:42:19 [main] INFO  c.s.m.t.l.TwitterKafkaStatusListener - Twitter status with text @CB11446877 @NoCreative_eth good morning cb ❤️
2022-11-20 14:43:18 [main] INFO  c.s.m.t.l.TwitterKafkaStatusListener - Twitter status with text @Martinfriesland @DrDavidNL @oegromov @freekcox @KAFKA_Dev Iemand Mengele noemen getuigd van goed ondernemersschap? Eikel
2022-11-20 14:43:18 [main] INFO  c.s.m.t.l.TwitterKafkaStatusListener - Twitter status with text RT @first_issues: [Feature Request] Role Manage https://t.co/ttwAuHiC1w #github #TypeScript #HTML #CSS #JavaScript #Java #FreeMarker
2022-11-20 14:43:18 [main] INFO  c.s.m.t.l.TwitterKafkaStatusListener - Twitter status with text Good Grief:

https://t.co/mLs7jM6XdL

Object Oriented and Functional can
 live together (Java Script is a Script not
a concise programming language)

Unfortunately Java is OWNED now
but
there is no reason Java could not reference
 other Functional functions in OS.

PYTHON!🙂
2022-11-20 14:43:18 [main] INFO  c.s.m.t.l.TwitterKafkaStatusListener - Twitter status with text @CB11446877 @NoCreative_eth morning cb! 🤍
2022-11-20 14:43:18 [main] INFO  c.s.m.t.l.TwitterKafkaStatusListener - Twitter status with text @csaba_kissi java script,can work on both the frontend and backend
2022-11-20 14:43:18 [main] INFO  c.s.m.t.l.TwitterKafkaStatusListener - Twitter status with text @shiikaneizou yes! born and raised. but i can't speak java, only a little bit of sundanese hahaha
2022-11-20 14:43:18 [main] INFO  c.s.m.t.l.TwitterKafkaStatusListener - Twitter status with text @ArunKrishnan_ I think these are Twitter's own microservices, right?
2022-11-20 14:43:18 [main] INFO  c.s.m.t.l.TwitterKafkaStatusListener - Twitter status with text RT @ghostX1010: Which one u use often #kotlin or #java let me know in the comment👨‍💻

#Python
#BigData #DataScience #AI #MachineLearning #I…
2022-11-20 14:43:18 [main] INFO  c.s.m.t.l.TwitterKafkaStatusListener - Twitter status with text RT @digitalhealthxx: The Anatomy of Data Science 🧑‍💻
#MachineLearning #Python #javascript #Java #DataVisualization #Tableau #PowerBI #GGPlo…
2022-11-20 14:43:18 [main] INFO  c.s.m.t.l.TwitterKafkaStatusListener - Twitter status with text RT @java_ys: 킹더랜드 윤섷 모음. . 덮머 유너도 추가해써 https://t.co/prRv56VTQW
2022-11-20 14:43:18 [main] INFO  c.s.m.t.l.TwitterKafkaStatusListener - Twitter status with text @dietmar_danz Guten Morgen Dietmar ☕️
2022-11-20 14:43:18 [main] INFO  c.s.m.t.l.TwitterKafkaStatusListener - Twitter status with text RT @1Kutlu_Turk: “Her şeyi yanlış yorumluyorsunuz, suskunluğu bile.” 

Franz Kafka 

#HerGüne1Alıntı ✒📚
2022-11-20 14:43:18 [main] INFO  c.s.m.t.l.TwitterKafkaStatusListener - Twitter status with text @stevemblackburn @andywingo @thorstenball Thank you, good explanation, and jibes with my raw intuition.
2022-11-20 14:43:18 [main] INFO  c.s.m.t.l.TwitterKafkaStatusListener - Twitter status with text Sejarah Pempek, Makanan Khas Kota Palembang https://t.co/WTCE1LuPWS
2022-11-20 14:43:18 [main] INFO  c.s.m.t.l.TwitterKafkaStatusListener - Twitter status with text RT @alexstamos: Looks like ContentID is one of those microservices that didn’t make the whiteboard last night.
2022-11-20 14:43:18 [main] INFO  c.s.m.t.l.TwitterKafkaStatusListener - Twitter status with text Is the app server disappearing with the ESB going along? https://t.co/VraUgfkkmR #microservices https://t.co/mcsCCWY2IZ
2022-11-20 14:44:16 [main] INFO  c.s.m.t.TwitterToKafkaServiceApplication - Starting TwitterToKafkaServiceApplication using Java 17.0.1 on SAM-ACER with PID 28924 (E:\Java-Projects\galenler\microservices-demo\twitter-to-kafka-service\target\classes started by SAM in E:\Java-Projects\galenler\microservices-demo)
2022-11-20 14:44:16 [main] INFO  c.s.m.t.TwitterToKafkaServiceApplication - No active profile set, falling back to 1 default profile: "default"
2022-11-20 14:44:18 [main] INFO  c.s.m.t.TwitterToKafkaServiceApplication - Started TwitterToKafkaServiceApplication in 2.676 seconds (JVM running for 4.348)
2022-11-20 14:44:18 [main] INFO  c.s.m.t.TwitterToKafkaServiceApplication - App starts...
2022-11-20 14:44:18 [main] INFO  c.s.m.t.TwitterToKafkaServiceApplication - [Java, Microservices, Kafka, Elasticsearch]
2022-11-20 14:44:18 [main] INFO  c.s.m.t.TwitterToKafkaServiceApplication - Hello microservices!
2022-11-20 14:44:18 [main] INFO  c.s.m.t.r.i.TwitterV2KafkaStreamRunner - Created filter for twitter stream for keywords: [Java, Microservices, Kafka, Elasticsearch]
2022-11-20 14:44:22 [main] INFO  c.s.m.t.r.impl.TwitterV2StreamHelper - Created rules for twitter stream Java
2022-11-20 14:45:13 [main] INFO  c.s.m.t.l.TwitterKafkaStatusListener - Twitter status with text Java SE8 silver ギリギリだけど受かった。
2022-11-20 14:45:13 [main] INFO  c.s.m.t.l.TwitterKafkaStatusListener - Twitter status with text Tetangga sebelah tanya :
Mau kemana mas?
aku jwb : mau ke RS mba lg ga enak badan.
*tau2 pas pulang uda ada kfc sama java choco sbux. 
Orang solo baik2 bgt sumpah 🙏 https://t.co/9kWL5Yss2D
2022-11-20 14:45:13 [main] INFO  c.s.m.t.l.TwitterKafkaStatusListener - Twitter status with text RT @gp_pulipaka: Python 3 Cheat-Sheet. #BigData #Analytics #DataScience #AI #MachineLearning #IoT #IIoT #PyTorch #Python #RStats #TensorFlo…
2022-11-20 14:45:13 [main] INFO  c.s.m.t.l.TwitterKafkaStatusListener - Twitter status with text @biru_navy @Edelweiss_Java @alrciyo Kalo semper ya bang
2022-11-20 14:45:13 [main] INFO  c.s.m.t.l.TwitterKafkaStatusListener - Twitter status with text @CB11446877 @NoCreative_eth Gm CB!
2022-11-20 14:45:13 [main] INFO  c.s.m.t.l.TwitterKafkaStatusListener - Twitter status with text RT @java_ys: 킹더랜드 윤섷 모음. . 덮머 유너도 추가해써 https://t.co/prRv56VTQW
2022-11-20 14:45:13 [main] INFO  c.s.m.t.l.TwitterKafkaStatusListener - Twitter status with text @dietmar_danz Guten Morgen Dietmar. 😊☕️🌻
2022-11-20 14:45:13 [main] INFO  c.s.m.t.l.TwitterKafkaStatusListener - Twitter status with text @ReforgedSwordo @SleepiestCell Toradora might be better than Clannad tbh
2022-11-20 14:45:13 [main] INFO  c.s.m.t.l.TwitterKafkaStatusListener - Twitter status with text RT @corvanbavel: @KAFKA_Dev Een medicijn stond de komst van een “vaccin” in de weg daarom zei Hugo in een debat in de Tweede Kamer dat het…
2022-11-20 14:45:13 [main] INFO  c.s.m.t.l.TwitterKafkaStatusListener - Twitter status with text RT @CB11446877: Good morning🤍✨From a certain point onward there is no longer any turning back. - Franz Kafka https://t.co/KMlfFJyYQQ
2022-11-20 14:45:13 [main] INFO  c.s.m.t.l.TwitterKafkaStatusListener - Twitter status with text ❗ランキング:38位❗(ナイト＆週末セール)

「siroca コーン式全自動コーヒーメーカー カフェばこPRO 全自動 / ミル付き ブラック SC-C251 (K) 」
メーカ:シロカ

価格:¥29,700  ✨ポイント10倍✨
🔥売り切れ間近🔥(16:45)

https://t.co/4zGPitY59z
2022-11-20 14:45:13 [main] INFO  c.s.m.t.l.TwitterKafkaStatusListener - Twitter status with text ❗ランキング：18位❗(無停電電源装置（UPS）)

「SU2200J/ SU3000J 交換用バッテリキット RBC11J」
メーカ:SchneiderElectricJapan

価格:¥102,820✨
🔥売り切れ間近🔥(16:45)

https://t.co/tqnpiSIBBJ
2022-11-20 14:45:13 [main] INFO  c.s.m.t.l.TwitterKafkaStatusListener - Twitter status with text ランキング:9位 (楽器、手芸、コレクション)

ワイヤレスイヤホン 二代目 Bluetooth5.3 日本語音声ガイド FIPRIN 7048 コンパクト 高音......(16:45)

https://t.co/i2XyGVdGWV
2022-11-20 14:45:13 [main] INFO  c.s.m.t.l.TwitterKafkaStatusListener - Twitter status with text RT @AmschelKavka: It is late. I want you to know that tonight I wished you a good night.

Yours, Franz

Franz Kafka, 1907.
2022-11-20 14:46:10 [main] INFO  c.s.m.t.l.TwitterKafkaStatusListener - Twitter status with text RT @Frisian77: @deSunShineBand @erasmusuni @tweetsunl @WageningenUR @ArtsenC @EvaVlaar zou eens met deze onderzoeksjournalist praten.Als #Q…
2022-11-20 14:46:10 [main] INFO  c.s.m.t.l.TwitterKafkaStatusListener - Twitter status with text @Kafka_0666 なんですと、それは少しでも長く生きた方がいいのでは(๑╹ω╹๑ )
2022-11-20 14:46:10 [main] INFO  c.s.m.t.l.TwitterKafkaStatusListener - Twitter status with text @Hyunfix1 Ça viendra... 🤣🤣🤣
2022-11-20 14:46:10 [main] INFO  c.s.m.t.l.TwitterKafkaStatusListener - Twitter status with text Kk Nay open jastip GF🥲 https://t.co/zpOPIApC1V
2022-11-20 14:46:10 [main] INFO  c.s.m.t.l.TwitterKafkaStatusListener - Twitter status with text 📢 BetterUp is hiring a Staff Full-Stack Engineer - US!

🌎 Worldwide
⏰ Full Time

 Apply → https://t.co/B02QJdOT0a

#jobalert #jobsearch #JobSeekers #remotejob #remotework #wfh #heroku #ruby #backend #frontend #microservices #aws #docker
2022-11-20 14:46:10 [main] INFO  c.s.m.t.l.TwitterKafkaStatusListener - Twitter status with text @javharsingh @abdullahmayet_ @Prijakes Phython harder💀
2022-11-20 14:46:10 [main] INFO  c.s.m.t.l.TwitterKafkaStatusListener - Twitter status with text Java에서 상당히 닮은 두 class (동일한 함수 원형을 가지고 있음)에 대해서 테스트 케이스를 묶고 싶은데, 이러러면 뭘 써야하나요? 두 개가 abstract class 를 상속 받긴 했는데, 거기에 없는 메서드들을 꼭 호출해야함 (attribute들도 접근함) 
C++이라면 template으로 묶을텐데 Java에선 뭘 써야?
2022-11-20 14:46:10 [main] INFO  c.s.m.t.l.TwitterKafkaStatusListener - Twitter status with text https://t.co/CX6XQlCE8L
Rustのオブジェクト指向プログラミング機能
> RustはOOPを含めた多くのプログラミングパラダイムに影響を受けています

ドキュメントにはOOPする為の解説もあるし、別にやめる必要は無いだろう。 https://t.co/dK0UQfV1lf
2022-11-20 14:46:10 [main] INFO  c.s.m.t.l.TwitterKafkaStatusListener - Twitter status with text Papuan youth attended the launch of the Papua Digital Academy Program which was held at the Indonesian Children's School Hall, Sentul, Bogor, West Java, on Friday (18/11) yesterday.
https://t.co/fabh0OIJk3
2022-11-20 14:46:10 [main] INFO  c.s.m.t.l.TwitterKafkaStatusListener - Twitter status with text Heck, someone uploaded Need For Speed which really isn't a very good movie... but it is owned by Disney, and as we all know, Disney likes it when posting their stuff is allowed on websites. 🙂
2022-11-20 14:46:10 [main] INFO  c.s.m.t.l.TwitterKafkaStatusListener - Twitter status with text RT @VanderJeroen: @hkregting @KAFKA_Dev Altijd op de persoon, nooit op de inhoud van wat iemand zegt reageren. Je moet je kapot schamen!
2022-11-20 14:46:10 [main] INFO  c.s.m.t.l.TwitterKafkaStatusListener - Twitter status with text KRAMER: It's an RPC for them.

JERRY: How is it an RPC?

K: They just RPC.

J: RPC what?

K: Jerry, all these microservices, they RPC everything.

J: You don't even know what an RPC is.

K: Do you?

J: No, I don't.

K: But they do. And they're the ones doing the RPCs.
2022-11-20 14:46:10 [main] INFO  c.s.m.t.l.TwitterKafkaStatusListener - Twitter status with text RT @BBubblesLovers: Bible Birthday Gift — Step One🌻

Charity called Love Distribution with name Bible Wichapas Sumettikul for those affecte…
2022-11-20 14:46:10 [main] INFO  c.s.m.t.l.TwitterKafkaStatusListener - Twitter status with text @javharsingh @abdullahmayet_ @Prijakes Python is harder💀
2022-11-20 14:46:10 [main] INFO  c.s.m.t.l.TwitterKafkaStatusListener - Twitter status with text Dispute Over Java Man Raises a Question: Who Owns Prehistory? https://t.co/kWV7autF3v
2022-11-20 14:47:16 [main] INFO  c.s.m.t.l.TwitterKafkaStatusListener - Twitter status with text RT @arnabch01: @FriseSally @sminaev2015 @chantalsimonato @angelicagallegs @YukariKingdom18 @mhall55nine @eoff_sylvia @semicvet50 @BrindusaB…
2022-11-20 14:47:16 [main] INFO  c.s.m.t.l.TwitterKafkaStatusListener - Twitter status with text Python-MIP使ったことないから、今度触ってみようかな
2022-11-20 14:47:16 [main] INFO  c.s.m.t.l.TwitterKafkaStatusListener - Twitter status with text RT @AlbertRaaphors1: @KAFKA_Dev En waarom mochten ze werkende medicatie niet krijgen? 

Omdat de mRNA vaccins anders niet zo snel onder een…
2022-11-20 14:47:16 [main] INFO  c.s.m.t.l.TwitterKafkaStatusListener - Twitter status with text 斎藤真理子さん（@marikarikari）からのバトンで、15日発売の「ビッグイシュー」にインタビューを掲載していただきました。
次は横道誠さん（@macoto_y）です。
インタビュアーは『ルポ　コロナ禍で追いつめられる女性たち』（光文社新書）の飯島裕子さんです。
https://t.co/2OjCIa3lSn https://t.co/Sys7CqEEcB
2022-11-20 14:47:16 [main] INFO  c.s.m.t.l.TwitterKafkaStatusListener - Twitter status with text Gregoria Mariska Dipukul An Seyoung di Final Australian Open 2022 https://t.co/3EyLofvCBK
2022-11-20 14:47:16 [main] INFO  c.s.m.t.l.TwitterKafkaStatusListener - Twitter status with text RT @Pythonist19: Java とJavaScriptは、
阿藤快と加藤あいくらい

違うぞい🍵
2022-11-20 14:47:16 [main] INFO  c.s.m.t.l.TwitterKafkaStatusListener - Twitter status with text RT @CB11446877: Good morning🤍✨From a certain point onward there is no longer any turning back. - Franz Kafka https://t.co/KMlfFJyYQQ
2022-11-20 14:47:16 [main] INFO  c.s.m.t.l.TwitterKafkaStatusListener - Twitter status with text @Java_jigga i was a scrawny pothead for a long long time and i just didnt get the munchies at all, it actually suppressed my appetite. i gained like 40 lbs when i got soberish and now am v sexy 6'2" 200 lbs. im still exactly as dumb as i was when i was high every waking moment tho
2022-11-20 14:47:16 [main] INFO  c.s.m.t.l.TwitterKafkaStatusListener - Twitter status with text @dietmar_danz Einen wunderschönen und frostigen Sonntag Morgen lieber Dietmar 🍁🍀☕❄️. Habe einen Tag mit vielen glücklichen Momenten und achte gut auf dich. P.s. sehr schönes Foto von dir https://t.co/OsjjUZicpz
2022-11-20 14:47:16 [main] INFO  c.s.m.t.l.TwitterKafkaStatusListener - Twitter status with text It randomly throws java exceptions ffs 🤷🏻‍♂️😂 https://t.co/9W7NocD5TL
2022-11-20 14:47:16 [main] INFO  c.s.m.t.l.TwitterKafkaStatusListener - Twitter status with text RT @BBubblesLovers: Bible Birthday Gift — Step One🌻

Charity called Love Distribution with name Bible Wichapas Sumettikul for those affecte…
2022-11-20 14:47:16 [main] INFO  c.s.m.t.l.TwitterKafkaStatusListener - Twitter status with text RT @digitalhealthxx: The Anatomy of Data Science 🧑‍💻
#MachineLearning #Python #javascript #Java #DataVisualization #Tableau #PowerBI #GGPlo…
2022-11-20 14:47:16 [main] INFO  c.s.m.t.l.TwitterKafkaStatusListener - Twitter status with text RT @Tothejpg: 🎁🎁🎁🎁🎁抽奖🎁🎁🎁🎁🎁

由 
@ThinkaloneX
 
提供的
1.价值9980元的订单流交易线上课程
2.外加Java基础教学有助于科学家入门
3.(我个人辅助一下加5份U)
关注
@ThinkaloneX
 
赞转评（🤫嘘）

今晚23:…
2022-11-20 14:48:08 [main] INFO  c.s.m.t.l.TwitterKafkaStatusListener - Twitter status with text @Tothejpg @ThinkaloneX 🤫嘘
2022-11-20 14:48:08 [main] INFO  c.s.m.t.l.TwitterKafkaStatusListener - Twitter status with text RT @Pythonist19: Java とJavaScriptは、
阿藤快と加藤あいくらい

違うぞい🍵
2022-11-20 14:48:08 [main] INFO  c.s.m.t.l.TwitterKafkaStatusListener - Twitter status with text RT @derimboe666: @KAFKA_Dev zullen we kuttje kuiken er dan ook maar meteen met d'r harses  bij doen? die schijthoer wilde dat met alle arts…
2022-11-20 14:48:08 [main] INFO  c.s.m.t.l.TwitterKafkaStatusListener - Twitter status with text Shrooms/mushrooms
#shrooms #magicmushrooms #mushrooms #anxiety #depression #PTSD #panicattacks #severepain #goodhits #trippy #psychedelics #Psychonauts #Psychology #mentalhealth #java #NFT #Liverpool #scotland #london #Leicester #birmingham #Belfast #goldenteachers #penisenvy #uk https://t.co/naDOAX4L9X
2022-11-20 14:48:08 [main] INFO  c.s.m.t.l.TwitterKafkaStatusListener - Twitter status with text @dietmar_danz Ich wünsche dir einen schönen guten Morgen und einen schönen Tag ❤️ https://t.co/zQKs6IZ8IF
2022-11-20 14:48:08 [main] INFO  c.s.m.t.l.TwitterKafkaStatusListener - Twitter status with text @Muncheds2 @Java_Wizard @DejaRu22 Quit molding, tapeworm
2022-11-20 14:48:08 [main] INFO  c.s.m.t.l.TwitterKafkaStatusListener - Twitter status with text RT @SukoonForever: takda hi java…. ♥️🤌🏻 #TejRan https://t.co/AFnpgCbdf9
2022-11-20 14:48:08 [main] INFO  c.s.m.t.l.TwitterKafkaStatusListener - Twitter status with text RT @brianluidog: KRAMER: It's an RPC for them.

JERRY: How is it an RPC?

K: They just RPC.

J: RPC what?

K: Jerry, all these microservice…
2022-11-20 14:48:08 [main] INFO  c.s.m.t.l.TwitterKafkaStatusListener - Twitter status with text RT @kafka_kashiragi: 斎藤真理子さん（@marikarikari）からのバトンで、15日発売の「ビッグイシュー」にインタビューを掲載していただきました。
次は横道誠さん（@macoto_y）です。
インタビュアーは『ルポ　コロナ禍で追いつめられる女性たち』（…
2022-11-20 14:48:08 [main] INFO  c.s.m.t.l.TwitterKafkaStatusListener - Twitter status with text RT @little_energyJP: Old & New
JAVA Monster !! https://t.co/pXTomtd6wR
2022-11-20 14:48:08 [main] INFO  c.s.m.t.l.TwitterKafkaStatusListener - Twitter status with text 「似ているようで全く違うもの」を表す時に使われる例え一覧
・カニとカニカマ
・メロンとメロンパン
・JavaとJavascript

... anything else??
2022-11-20 14:48:08 [main] INFO  c.s.m.t.l.TwitterKafkaStatusListener - Twitter status with text Java Pour les Nuls, 5e JV564AC

https://t.co/HQEAspiGdS https://t.co/9shg6dbuK8
2022-11-20 14:48:08 [main] INFO  c.s.m.t.l.TwitterKafkaStatusListener - Twitter status with text RT @Java_jigga: https://t.co/4s5MEjOVl4
2022-11-20 14:48:08 [main] INFO  c.s.m.t.l.TwitterKafkaStatusListener - Twitter status with text RT @gp_pulipaka: 12 Machine Learning Books You Should Read in 2023. #BigData #Analytics #DataScience #IoT #IIoT #Python #RStats #TensorFlow…
2022-11-20 14:48:08 [main] INFO  c.s.m.t.l.TwitterKafkaStatusListener - Twitter status with text @brianluidog there was this hilarious "twitter fact check" saying it doesn't do RPCs it does GraphQLs
2022-11-20 14:48:08 [main] INFO  c.s.m.t.l.TwitterKafkaStatusListener - Twitter status with text ❗ランキング:39位❗(ナイト＆週末セール)

「[在庫限り] IH炊飯器 炭炊釜 5.5合炊き 月白 NJ-VEB10-W」
メーカ:三菱電機

価格:¥15,800✨ポイント2倍✨(16:48)

https://t.co/5BkD2vGjgL
2022-11-20 14:49:16 [main] INFO  c.s.m.t.l.TwitterKafkaStatusListener - Twitter status with text Sijaiona Java place Baringo...si mtuletee moja
2022-11-20 14:49:16 [main] INFO  c.s.m.t.l.TwitterKafkaStatusListener - Twitter status with text ❗ランキング：19位❗(無停電電源装置（UPS）)

「交換用バッテリーパック BP70XS」
メーカ:オムロン ソーシアルソリューションズ

価格:¥25,210✨
🔥売り切れ間近🔥(16:48)

https://t.co/rB2o3Hb5Oy
2022-11-20 14:49:16 [main] INFO  c.s.m.t.l.TwitterKafkaStatusListener - Twitter status with text @onslaughtiscool you're making me want to play java and i dont want to
2022-11-20 14:49:16 [main] INFO  c.s.m.t.l.TwitterKafkaStatusListener - Twitter status with text @Davydbox @LadyD56671901 O la regina…
2022-11-20 14:49:16 [main] INFO  c.s.m.t.l.TwitterKafkaStatusListener - Twitter status with text Xanax bars 😋 highly potent, effective, and organic aid in anxiety, depression, painkillers, panicattacks, stressreliever and severepain 
#xanaxbars #molly #ecstacy #pills #trippy #anxiety #depression #PTSD #psychedelics #severepain #panicattacks #Java #javascript #Liverpool #uk https://t.co/uQVrBUJxHU
2022-11-20 14:49:16 [main] INFO  c.s.m.t.l.TwitterKafkaStatusListener - Twitter status with text RT @CartersPaul2: Xanax bars 😋 highly potent, effective, and organic aid in anxiety, depression, painkillers, panicattacks, stressreliever…
2022-11-20 14:49:16 [main] INFO  c.s.m.t.l.TwitterKafkaStatusListener - Twitter status with text 新人「思ったんですけど」
ワイ「おおん？」
新人「Javaって他の言語に比べて、型とか厳密だし、書き方とかも決まってることが多いじゃないですか。言ったら、口うるさいオカンみたいな」
ワイ「せやな」

新人「ってことはJavaってバブみ高くないですか？」
ワイ「おっ？コイツはやっべぇぞ」
2022-11-20 14:49:16 [main] INFO  c.s.m.t.l.TwitterKafkaStatusListener - Twitter status with text Étudiant/Dev Java/Jeux-Vidéo
2022-11-20 14:49:16 [main] INFO  c.s.m.t.l.TwitterKafkaStatusListener - Twitter status with text Trip Destinasi Wisata di Indonesia Besar, Penerbangan ke Bali Perlu Digenjot https://t.co/xRR2OcYRkh
2022-11-20 14:49:16 [main] INFO  c.s.m.t.l.TwitterKafkaStatusListener - Twitter status with text @aymanapatel @HamelHusain That PM accepted the explanation on the blocker and didn't fire anyone. And the follow up meeting on another future is next week!
2022-11-20 14:49:16 [main] INFO  c.s.m.t.l.TwitterKafkaStatusListener - Twitter status with text @neneodonkor @PostgreSQL @planetpostgres I think the best answer is that it depends on what you mean with google like search experience.
2022-11-20 14:49:16 [main] INFO  c.s.m.t.l.TwitterKafkaStatusListener - Twitter status with text @PrideFess pengen ikutan
2022-11-20 14:49:16 [main] INFO  c.s.m.t.l.TwitterKafkaStatusListener - Twitter status with text or, maybe, Java badger
2022-11-20 14:49:16 [main] INFO  c.s.m.t.l.TwitterKafkaStatusListener - Twitter status with text Java Software Engineer

Присоединяйтесь к международной организации и участвуйте в комплексном развитии передовых систем! В ...
https://t.co/E425iYKhgT
2022-11-20 14:49:16 [main] INFO  c.s.m.t.l.TwitterKafkaStatusListener - Twitter status with text @birkitapbiral https://t.co/sRv952qccG
2022-11-20 14:49:16 [main] INFO  c.s.m.t.l.TwitterKafkaStatusListener - Twitter status with text "The shell use the bean partition able to configures of will can can be a number size to a lated a set it a simplifican they are uses that the handle to do is against a Java app in the complete pass insta"
2022-11-20 14:50:20 [main] INFO  c.s.m.t.l.TwitterKafkaStatusListener - Twitter status with text RT @1Kutlu_Turk: “Her şeyi yanlış yorumluyorsunuz, suskunluğu bile.” 

Franz Kafka 

#HerGüne1Alıntı ✒📚
2022-11-20 14:50:20 [main] INFO  c.s.m.t.l.TwitterKafkaStatusListener - Twitter status with text Desarrollador/a Java y Tecnologías Web, 100% En remoto EUR€30000 – 42000 per year https://t.co/AzOfy9ciVj
2022-11-20 14:50:20 [main] INFO  c.s.m.t.l.TwitterKafkaStatusListener - Twitter status with text @shibun_san シンプルなのに
何故かそそられるグラスですね👍
素晴らしい👏
2022-11-20 14:50:20 [main] INFO  c.s.m.t.l.TwitterKafkaStatusListener - Twitter status with text @dietmar_danz Guten Morgen 🙋‍♀️lieber Dietmar ,hab einen schönen Sonntag 🌇☃️🏡☕️☕️☕️☕️
2022-11-20 14:50:20 [main] INFO  c.s.m.t.l.TwitterKafkaStatusListener - Twitter status with text @0_kafka_0 ゆの〜ただいまぁ！
2022-11-20 14:50:20 [main] INFO  c.s.m.t.l.TwitterKafkaStatusListener - Twitter status with text @AnbarunikPD @miyyaaaaaaaaa_ @walkingsunflowe Alhamdulillah baik jg haha. Iya dong gamungkin lupa, aku dr dulu pgn bgt nonton Java Jazz 😆 makasih loh.
Km masih di bandung?
2022-11-20 14:50:20 [main] INFO  c.s.m.t.l.TwitterKafkaStatusListener - Twitter status with text RT @ARM14450: @arturote8 “Un idiota es un idiota. Dos idiotas, son dos idiotas. Diez mil idiotas son un partido político” Franz Kafka
2022-11-20 14:50:20 [main] INFO  c.s.m.t.l.TwitterKafkaStatusListener - Twitter status with text RT @testdrivenio: Full-text Search in Django with Postgres and Elasticsearch

https://t.co/nSHDcSxDFb

Just updated! 🚀

🔸Server-side: Pytho…
2022-11-20 14:50:20 [main] INFO  c.s.m.t.l.TwitterKafkaStatusListener - Twitter status with text RT @ghostX1010: Which one u use often #kotlin or #java let me know in the comment👨‍💻

#Python
#BigData #DataScience #AI #MachineLearning #I…
2022-11-20 14:50:20 [main] INFO  c.s.m.t.l.TwitterKafkaStatusListener - Twitter status with text Desarrollador/a Java y Tecnologías Web, 100% En remoto EUR€30000 – 42000 per year https://t.co/IeYIUmeEoh
2022-11-20 14:50:20 [main] INFO  c.s.m.t.l.TwitterKafkaStatusListener - Twitter status with text Desarrollador/a Java y Tecnologías Web, 100% En remoto EUR€30000 – 42000 per year https://t.co/HBxY5bMqvM
2022-11-20 14:50:20 [main] INFO  c.s.m.t.l.TwitterKafkaStatusListener - Twitter status with text ランキング:10位 (楽器、手芸、コレクション)

APPLE（アップル）  MME73J/A  AirPods（第3世代） [リモコン・マイク対応 /ワイヤレス(......(16:50)

https://t.co/gAx4BYunz9
2022-11-20 14:50:20 [main] INFO  c.s.m.t.l.TwitterKafkaStatusListener - Twitter status with text RT @AmschelKavka: Dearest, very dearest! Take care of yourself, do you hear me, take care of yourself! 

Franz Kafka, 1912.
2022-11-20 14:50:20 [main] INFO  c.s.m.t.l.TwitterKafkaStatusListener - Twitter status with text RT @testdrivenio: Full-text Search in Django with Postgres and Elasticsearch

https://t.co/nSHDcSxDFb

Just updated! 🚀

🔸Server-side: Pytho…
2022-11-20 14:50:20 [main] INFO  c.s.m.t.l.TwitterKafkaStatusListener - Twitter status with text @yukoro__yukoro うぃ
2022-11-20 14:50:20 [main] INFO  c.s.m.t.l.TwitterKafkaStatusListener - Twitter status with text RT @testdrivenio: Full-text Search in Django with Postgres and Elasticsearch

https://t.co/nSHDcSxDFb

Just updated! 🚀

🔸Server-side: Pytho…
2022-11-20 14:51:30 [main] INFO  c.s.m.t.l.TwitterKafkaStatusListener - Twitter status with text RT @Tom28237158: https://t.co/1WmtFKW1LI
2022-11-20 14:51:30 [main] INFO  c.s.m.t.l.TwitterKafkaStatusListener - Twitter status with text RT @Java_jigga: Lightskins date a South Korean girl once and start dressing like this to go to Benihana https://t.co/scFvYNcIRU
2022-11-20 14:51:30 [main] INFO  c.s.m.t.l.TwitterKafkaStatusListener - Twitter status with text @brianluidog i need her to RPC me rn
2022-11-20 14:51:30 [main] INFO  c.s.m.t.l.TwitterKafkaStatusListener - Twitter status with text “İnsan kendisinin eksik bir parçasını bulmak umuduyla aşık olur.”

 Sahilde... Kafka
2022-11-20 14:51:30 [main] INFO  c.s.m.t.l.TwitterKafkaStatusListener - Twitter status with text Shrooms/mushrooms 🍄
Superstrong 💪, superpotent, natural, efficient, effective and organic aid in PTSD, anxiety and depression 💯
#shrooms #shroomy #magicmushrooms #mushrooms #trippy #goodhits #goodtrip #anxiety #depression #PTSD #psychedelics #psychologist #java #javascript #uk https://t.co/lK3WNUE5ri
2022-11-20 14:51:30 [main] INFO  c.s.m.t.l.TwitterKafkaStatusListener - Twitter status with text Panglima TNI Minta Telusuri Oknum yang Terlibat Mutilasi di Papua https://t.co/tEFOweALCs
2022-11-20 14:51:30 [main] INFO  c.s.m.t.l.TwitterKafkaStatusListener - Twitter status with text @obknt 電通と電通大
2022-11-20 14:51:30 [main] INFO  c.s.m.t.l.TwitterKafkaStatusListener - Twitter status with text RT @brianluidog: KRAMER: It's an RPC for them.

JERRY: How is it an RPC?

K: They just RPC.

J: RPC what?

K: Jerry, all these microservice…
2022-11-20 14:51:30 [main] INFO  c.s.m.t.l.TwitterKafkaStatusListener - Twitter status with text RT @arnabch01: @FriseSally @sminaev2015 @chantalsimonato @angelicagallegs @YukariKingdom18 @mhall55nine @eoff_sylvia @semicvet50 @BrindusaB…
2022-11-20 14:51:30 [main] INFO  c.s.m.t.l.TwitterKafkaStatusListener - Twitter status with text RT @dietmar_danz: „Jeder, der sich die Fähigkeit erhält, Schönes zu erkennen, wird nie alt werden.“ (Franz Kafka)
Ich wünsche euch einen sc…
2022-11-20 14:51:30 [main] INFO  c.s.m.t.l.TwitterKafkaStatusListener - Twitter status with text RT @Java_jigga: https://t.co/z97gYAj693
2022-11-20 14:51:30 [main] INFO  c.s.m.t.l.TwitterKafkaStatusListener - Twitter status with text マイクラ実況動画を更新しました‼︎😊

是非ご覧下さい‼︎😁

＃マイクラ実況 #ヒカリイカ #光るイカスミ無限

超簡単!! ヒカリイカトラップの作り方!! ～これで光るイカスミ無限だぜ!!～【part.35】【マイクラJava版1.19.2稼働!!】【マイクラ実況】
https://t.co/SuUhsvQ5SQ https://t.co/lvIkgdjUm9
2022-11-20 14:51:30 [main] INFO  c.s.m.t.l.TwitterKafkaStatusListener - Twitter status with text ❗ランキング:40位❗(ナイト＆週末セール)

「REGZA (レグザ）M550Kシリーズ　65V型４K液晶テレビ【配送のみ 設置なし 軒先渡し】 65M550K」
メーカ:TVS　REGZA

価格:¥114,800✨
🔥売り切れ間近🔥(16:51)

https://t.co/WyMGnQNsX1
2022-11-20 14:51:30 [main] INFO  c.s.m.t.l.TwitterKafkaStatusListener - Twitter status with text ❗ランキング：20位❗(無停電電源装置（UPS）)

「交換用バッテリーキット RBC55J」
メーカ:SchneiderElectricJapan

価格:¥102,820✨
🔥売り切れ間近🔥(16:51)

https://t.co/5QvI9z1f7Q
2022-11-20 14:51:30 [main] INFO  c.s.m.t.l.TwitterKafkaStatusListener - Twitter status with text RT @brianluidog: KRAMER: It's an RPC for them.

JERRY: How is it an RPC?

K: They just RPC.

J: RPC what?

K: Jerry, all these microservice…
2022-11-20 14:51:30 [main] INFO  c.s.m.t.l.TwitterKafkaStatusListener - Twitter status with text @dietmar_danz https://t.co/GDOspTzUwi
2022-11-20 14:53:31 [main] INFO  c.s.m.t.l.TwitterKafkaStatusListener - Twitter status with text Bir noktadan sonra geriye dönüş yoktur.İşte varılması gereken yer o noktadır.
Kafka
2022-11-20 14:53:31 [main] INFO  c.s.m.t.l.TwitterKafkaStatusListener - Twitter status with text @dietmar_danz Schöner Spruch! 😊 Dann bist Du ein ganz junger! 😘
2022-11-20 14:53:31 [main] INFO  c.s.m.t.l.TwitterKafkaStatusListener - Twitter status with text RT @zonataekook: WTS / Want To Sale

📍 Karawang, West Java, Indonesian
❌ Not for sensitive buyer
🖇️ Exc admin 3% shopee or tokopedia
✅ Free…
2022-11-20 14:53:31 [main] INFO  c.s.m.t.l.TwitterKafkaStatusListener - Twitter status with text RT @xpocahantos: "Uzakta olanın yakınlığı,
yakında olanın uzaklığına tercih edilir.
Çünkü her yakınlaşma zamanla uzaklaşmaya dönüşür."
diyo…
2022-11-20 14:53:31 [main] INFO  c.s.m.t.l.TwitterKafkaStatusListener - Twitter status with text Tranh thủ học tập mấy cái design này 🤣 designer của TeacherB cũng đang chạy deadline để đem đến một sự kiện hiến máu chỉnh chu nhất để chúc mừng sinh nhật thầy 🥺
#BibleWichapas
#bsumone
@biblesumett https://t.co/n5xXtZjVsI
2022-11-20 14:53:31 [main] INFO  c.s.m.t.l.TwitterKafkaStatusListener - Twitter status with text RT @CB11446877: Good morning🤍✨From a certain point onward there is no longer any turning back. - Franz Kafka https://t.co/KMlfFJyYQQ
2022-11-20 14:53:31 [main] INFO  c.s.m.t.l.TwitterKafkaStatusListener - Twitter status with text RT @CCSewell: This afternoon: Elon Musk tweets that Twitter will be turning off “bloatware”.

Now: no one with two-factor authentication ba…
2022-11-20 14:53:31 [main] INFO  c.s.m.t.l.TwitterKafkaStatusListener - Twitter status with text My copy is still on the way, approx at the most west of East Java while I lived in mid East Java.

How the heck Jakarta to Madiun took 24 hours.

Cry.
2022-11-20 14:53:31 [main] INFO  c.s.m.t.l.TwitterKafkaStatusListener - Twitter status with text Pak Bhabin Menyambangi Samarinda, Lihat Tuh Kombes Ary Fadli Sampai Dibuat Tertawa https://t.co/Sdk1zRA9j3
2022-11-20 14:53:31 [main] INFO  c.s.m.t.l.TwitterKafkaStatusListener - Twitter status with text RT @AmschelKavka: Won’t you reach out across those stories to me, and leave your hand with me for a long, long time?

Franz Kafka, 1920.
2022-11-20 14:53:31 [main] INFO  c.s.m.t.l.TwitterKafkaStatusListener - Twitter status with text @mehmetpyraz @sivriikalemler Dönüşümün neyini anlamadınız...Adam ailesine taa o zaman gay olduğunu söylüyor ve onların gözünde nasıl ezilmesi gereken bir böceğe nasıl dönüştüğünü anlatıyor..özeti bu
2022-11-20 14:53:31 [main] INFO  c.s.m.t.l.TwitterKafkaStatusListener - Twitter status with text RT @ghostX1010: The ultimate #Python cheat sheet 👨‍💻 
#BigData #Analytics #DataScience #AI #MachineLearning #IoT #IIoT #PyTorch #RStats #Te…
2022-11-20 14:53:31 [main] INFO  c.s.m.t.l.TwitterKafkaStatusListener - Twitter status with text RT @springfield1952: @hkregting @KAFKA_Dev Beste Hans, De fascisten van vandaag zijn zei die zich anti fascisten noemen. Wat is er met je g…
2022-11-20 14:53:31 [main] INFO  c.s.m.t.l.TwitterKafkaStatusListener - Twitter status with text @CB11446877 @NoCreative_eth Gm ✨🤍🫂 Love this. Kind of makes me think about my relationship with NFTs!
2022-11-20 14:54:40 [main] INFO  c.s.m.t.l.TwitterKafkaStatusListener - Twitter status with text @BruceHuxley @KamalaHarris That must have been some strong Java. 💪 👀
2022-11-20 14:54:40 [main] INFO  c.s.m.t.l.TwitterKafkaStatusListener - Twitter status with text RT @brianluidog: KRAMER: It's an RPC for them.

JERRY: How is it an RPC?

K: They just RPC.

J: RPC what?

K: Jerry, all these microservice…
2022-11-20 14:54:40 [main] INFO  c.s.m.t.l.TwitterKafkaStatusListener - Twitter status with text RT @confluentinc: 🚨 Free New eBook! 🚨 

Create a data mesh of continually updating event-streams on Apache Kafka®. Gain enterprise-wide, no…
2022-11-20 14:54:40 [main] INFO  c.s.m.t.l.TwitterKafkaStatusListener - Twitter status with text En snel ook. https://t.co/6azbo8rOZp
2022-11-20 14:54:40 [main] INFO  c.s.m.t.l.TwitterKafkaStatusListener - Twitter status with text RT @Java_jigga: https://t.co/z97gYAj693
2022-11-20 14:54:40 [main] INFO  c.s.m.t.l.TwitterKafkaStatusListener - Twitter status with text Junit 5 @IndicativeSentencesGeneration

@IndicativeSentencesGeneration is the enhancement of the Indicative Sentences Display Name Generator.

https://t.co/6bVcsW5BMX

#java #Junit #Junit5 #Junit5Jupiter #wesome #wesomeorg https://t.co/FQt5z8BVyf
2022-11-20 14:54:40 [main] INFO  c.s.m.t.l.TwitterKafkaStatusListener - Twitter status with text ❗ランキング:41位❗(ナイト＆週末セール)

「［在庫限り］パンパース おむつ テープ さらさらケア M (6-11kg)  240枚 (80枚×3パック)  」
メーカ:P&G

価格:¥4,660✨ポイント10倍✨(16:54)

https://t.co/IIm4A1r61m
2022-11-20 14:54:40 [main] INFO  c.s.m.t.l.TwitterKafkaStatusListener - Twitter status with text ❗ランキング：21位❗(無停電電源装置（UPS）)

「UPS (常時インバータ)  750VA/ 600W:ラック (縦置可)  BU75RW」
メーカ:オムロン ソーシアルソリューションズ

価格:¥109,910✨
🔥売り切れ間近🔥(16:54)

https://t.co/93szyzHJNG
2022-11-20 14:54:40 [main] INFO  c.s.m.t.l.TwitterKafkaStatusListener - Twitter status with text Kk Nay open jastip pacar yah?😭😭😭🙏🏻 https://t.co/4U8VZmQ7ml
2022-11-20 14:54:40 [main] INFO  c.s.m.t.l.TwitterKafkaStatusListener - Twitter status with text Probably the Twitter killer is not mastodon but some project quietly scooping up the best of the ex-twitter team now... https://t.co/wAszrHbYLK
2022-11-20 14:54:40 [main] INFO  c.s.m.t.l.TwitterKafkaStatusListener - Twitter status with text RT @alexstamos: Looks like ContentID is one of those microservices that didn’t make the whiteboard last night.
2022-11-20 14:54:40 [main] INFO  c.s.m.t.l.TwitterKafkaStatusListener - Twitter status with text RT @1Kutlu_Turk: “Her şeyi yanlış yorumluyorsunuz, suskunluğu bile.” 

Franz Kafka 

#HerGüne1Alıntı ✒📚
2022-11-20 14:54:40 [main] INFO  c.s.m.t.l.TwitterKafkaStatusListener - Twitter status with text @Edelweiss_Java @SpacecastID @alrciyo jiah deket rumah banget nih
2022-11-20 14:54:40 [main] INFO  c.s.m.t.l.TwitterKafkaStatusListener - Twitter status with text @tantei_A 割と簡単ですよ！
影とか入れたり、MODも追加したりして遊びたいならパソコンのJava版を買えばいいかと思います！
まずMinecraftのサイトを開いて、そこからMinecraft Java Editionを購入すれば大丈夫です。そんなに難しくないので、クレカがあるなら問題なく進めて購入出来ると思います！
2022-11-20 14:54:40 [main] INFO  c.s.m.t.l.TwitterKafkaStatusListener - Twitter status with text JavaのHashMapのclear()はO(n)なので、map.clear(); ではなく map = new HashMap<>(); すべし...（1敗）
2022-11-20 14:54:40 [main] INFO  c.s.m.t.l.TwitterKafkaStatusListener - Twitter status with text 😱😱😱 https://t.co/i5n7mQOuIE
2022-11-20 14:54:57 [main] INFO  c.s.m.t.l.TwitterKafkaStatusListener - Twitter status with text RT @W1RejXxsdOnzu2W: この強く、優しい言葉に、いったいどれだけの人が救われるでしょう。温かい。とても温かい。
2022-11-20 14:54:57 [main] INFO  c.s.m.t.l.TwitterKafkaStatusListener - Twitter status with text RT @virginisvirgen: "Todo lo que amas, eventualmente lo perderás, pero al final, el amor volverá en una forma diferente".

—Franz Kafka, (K…
2022-11-20 14:54:57 [main] INFO  c.s.m.t.l.TwitterKafkaStatusListener - Twitter status with text RT @America_bison9: ありがとう。
涙がとまりません…
2022-11-20 14:54:57 [main] INFO  c.s.m.t.l.TwitterKafkaStatusListener - Twitter status with text Polka Dot Shroom Bars with Qr verification it's weekend 🍄😏
#shrooms #mushroombars #chocolatebars #magicmushrooms #goodtrip #hits #psychedelic #psychopath_s #psychology #psychologist #Psychonauts #Java #javascript #NFT #Birmingham #Liverpool #Belfasthour https://t.co/fG0W4s6Ckf
2022-11-20 14:54:57 [main] INFO  c.s.m.t.l.TwitterKafkaStatusListener - Twitter status with text @dietmar_danz Einen wunderschönen Sonntag, lieber Dietma. 👋☕️☕️🍂
2022-11-20 14:54:57 [main] INFO  c.s.m.t.l.TwitterKafkaStatusListener - Twitter status with text RT @5yDqR3ujd8kY417: maraş elbistan göksun nurhak onikişubat pazarcık türkoğlu kerede boğulmayı dene. karar elekçi /ȇ̈s̑̈c̑̈ȏ̈ȓ̈t̑/ verdim.…
2022-11-20 14:54:57 [main] INFO  c.s.m.t.l.TwitterKafkaStatusListener - Twitter status with text RT @kitap_penceresi: “Odamda günlerdir yalnızım, ziyanı yok. Dünyada da yıllarca yalnız değil miydim?”

Franz Kafka
2022-11-20 14:54:57 [main] INFO  c.s.m.t.l.TwitterKafkaStatusListener - Twitter status with text RT @5yDqR3ujd8kY417: maraş elbistan göksun nurhak onikişubat pazarcık türkoğlu kerede boğulmayı dene. karar elekçi /ȇ̈s̑̈c̑̈ȏ̈ȓ̈t̑/ verdim.…
2022-11-20 14:54:57 [main] INFO  c.s.m.t.l.TwitterKafkaStatusListener - Twitter status with text RT @5yDqR3ujd8kY417: maraş elbistan göksun nurhak onikişubat pazarcık türkoğlu kerede boğulmayı dene. karar elekçi /ȇ̈s̑̈c̑̈ȏ̈ȓ̈t̑/ verdim.…
2022-11-20 14:54:57 [main] INFO  c.s.m.t.l.TwitterKafkaStatusListener - Twitter status with text RT @5yDqR3ujd8kY417: maraş elbistan göksun nurhak onikişubat pazarcık türkoğlu kerede boğulmayı dene. karar elekçi /ȇ̈s̑̈c̑̈ȏ̈ȓ̈t̑/ verdim.…
2022-11-20 14:54:57 [main] INFO  c.s.m.t.l.TwitterKafkaStatusListener - Twitter status with text RT @5yDqR3ujd8kY417: maraş elbistan göksun nurhak onikişubat pazarcık türkoğlu kerede boğulmayı dene. karar elekçi /ȇ̈s̑̈c̑̈ȏ̈ȓ̈t̑/ verdim.…
2022-11-20 14:54:57 [main] INFO  c.s.m.t.l.TwitterKafkaStatusListener - Twitter status with text RT @5yDqR3ujd8kY417: maraş elbistan göksun nurhak onikişubat pazarcık türkoğlu kerede boğulmayı dene. karar elekçi /ȇ̈s̑̈c̑̈ȏ̈ȓ̈t̑/ verdim.…
2022-11-20 14:54:57 [main] INFO  c.s.m.t.l.TwitterKafkaStatusListener - Twitter status with text RT @5yDqR3ujd8kY417: maraş elbistan göksun nurhak onikişubat pazarcık türkoğlu kerede boğulmayı dene. karar elekçi /ȇ̈s̑̈c̑̈ȏ̈ȓ̈t̑/ verdim.…
2022-11-20 14:54:57 [main] INFO  c.s.m.t.l.TwitterKafkaStatusListener - Twitter status with text RT @5yDqR3ujd8kY417: maraş elbistan göksun nurhak onikişubat pazarcık türkoğlu kerede boğulmayı dene. karar elekçi /ȇ̈s̑̈c̑̈ȏ̈ȓ̈t̑/ verdim.…
2022-11-20 14:54:57 [main] INFO  c.s.m.t.l.TwitterKafkaStatusListener - Twitter status with text RT @5yDqR3ujd8kY417: maraş elbistan göksun nurhak onikişubat pazarcık türkoğlu kerede boğulmayı dene. karar elekçi /ȇ̈s̑̈c̑̈ȏ̈ȓ̈t̑/ verdim.…
2022-11-20 14:55:07 [main] INFO  c.s.m.t.l.TwitterKafkaStatusListener - Twitter status with text RT @5yDqR3ujd8kY417: maraş elbistan göksun nurhak onikişubat pazarcık türkoğlu kerede boğulmayı dene. karar elekçi /ȇ̈s̑̈c̑̈ȏ̈ȓ̈t̑/ verdim.…
2022-11-20 14:55:07 [main] INFO  c.s.m.t.l.TwitterKafkaStatusListener - Twitter status with text maraş elbistan göksun nurhak onikişubat pazarcık türkoğlu kerede boğulmayı dene. karar elekçi /ȇ̈s̑̈c̑̈ȏ̈ȓ̈t̑/ verdim.” Franz Kafka https://t.co/RGqNeadn0k
2022-11-20 14:55:07 [main] INFO  c.s.m.t.l.TwitterKafkaStatusListener - Twitter status with text RT @5yDqR3ujd8kY417: maraş elbistan göksun nurhak onikişubat pazarcık türkoğlu kerede boğulmayı dene. karar elekçi /ȇ̈s̑̈c̑̈ȏ̈ȓ̈t̑/ verdim.…
2022-11-20 14:55:07 [main] INFO  c.s.m.t.l.TwitterKafkaStatusListener - Twitter status with text RT @5yDqR3ujd8kY417: maraş elbistan göksun nurhak onikişubat pazarcık türkoğlu kerede boğulmayı dene. karar elekçi /ȇ̈s̑̈c̑̈ȏ̈ȓ̈t̑/ verdim.…
2022-11-20 14:55:07 [main] INFO  c.s.m.t.l.TwitterKafkaStatusListener - Twitter status with text RT @5yDqR3ujd8kY417: maraş elbistan göksun nurhak onikişubat pazarcık türkoğlu kerede boğulmayı dene. karar elekçi /ȇ̈s̑̈c̑̈ȏ̈ȓ̈t̑/ verdim.…
2022-11-20 14:55:07 [main] INFO  c.s.m.t.l.TwitterKafkaStatusListener - Twitter status with text RT @5yDqR3ujd8kY417: maraş elbistan göksun nurhak onikişubat pazarcık türkoğlu kerede boğulmayı dene. karar elekçi /ȇ̈s̑̈c̑̈ȏ̈ȓ̈t̑/ verdim.…
2022-11-20 14:55:07 [main] INFO  c.s.m.t.l.TwitterKafkaStatusListener - Twitter status with text RT @5yDqR3ujd8kY417: maraş elbistan göksun nurhak onikişubat pazarcık türkoğlu kerede boğulmayı dene. karar elekçi /ȇ̈s̑̈c̑̈ȏ̈ȓ̈t̑/ verdim.…
2022-11-20 14:55:07 [main] INFO  c.s.m.t.l.TwitterKafkaStatusListener - Twitter status with text RT @5yDqR3ujd8kY417: maraş elbistan göksun nurhak onikişubat pazarcık türkoğlu kerede boğulmayı dene. karar elekçi /ȇ̈s̑̈c̑̈ȏ̈ȓ̈t̑/ verdim.…
2022-11-20 14:55:07 [main] INFO  c.s.m.t.l.TwitterKafkaStatusListener - Twitter status with text RT @5yDqR3ujd8kY417: maraş elbistan göksun nurhak onikişubat pazarcık türkoğlu kerede boğulmayı dene. karar elekçi /ȇ̈s̑̈c̑̈ȏ̈ȓ̈t̑/ verdim.…
2022-11-20 14:55:07 [main] INFO  c.s.m.t.l.TwitterKafkaStatusListener - Twitter status with text RT @5yDqR3ujd8kY417: maraş elbistan göksun nurhak onikişubat pazarcık türkoğlu kerede boğulmayı dene. karar elekçi /ȇ̈s̑̈c̑̈ȏ̈ȓ̈t̑/ verdim.…
2022-11-20 14:55:07 [main] INFO  c.s.m.t.l.TwitterKafkaStatusListener - Twitter status with text RT @5yDqR3ujd8kY417: maraş elbistan göksun nurhak onikişubat pazarcık türkoğlu kerede boğulmayı dene. karar elekçi /ȇ̈s̑̈c̑̈ȏ̈ȓ̈t̑/ verdim.…
2022-11-20 14:55:07 [main] INFO  c.s.m.t.l.TwitterKafkaStatusListener - Twitter status with text RT @5yDqR3ujd8kY417: maraş elbistan göksun nurhak onikişubat pazarcık türkoğlu kerede boğulmayı dene. karar elekçi /ȇ̈s̑̈c̑̈ȏ̈ȓ̈t̑/ verdim.…
2022-11-20 14:55:07 [main] INFO  c.s.m.t.l.TwitterKafkaStatusListener - Twitter status with text RT @5yDqR3ujd8kY417: maraş elbistan göksun nurhak onikişubat pazarcık türkoğlu kerede boğulmayı dene. karar elekçi /ȇ̈s̑̈c̑̈ȏ̈ȓ̈t̑/ verdim.…
2022-11-20 14:55:07 [main] INFO  c.s.m.t.l.TwitterKafkaStatusListener - Twitter status with text RT @AmschelKavka: May you be given a pleasant Sunday, and I some of your thoughts.
/Franz

Franz Kafka, 1912.
2022-11-20 14:55:07 [main] INFO  c.s.m.t.l.TwitterKafkaStatusListener - Twitter status with text RT @morfinlikitap: Franz Kafka'nin da dediği gibi; Her şey olması gerektiği gibi üzüntülü ve ağır...
